[0.023s] Invoking command in '/home/jg/ros_rlr/build/sllidar_ros2': CMAKE_PREFIX_PATH=${CMAKE_PREFIX_PATH}:/home/jg/ros_rlr/install/cube_localizer:/opt/ros/humble /usr/bin/cmake --build /home/jg/ros_rlr/build/sllidar_ros2 -- -j8 -l8
[0.258s] [ 10%] Built target sllidar_client
[0.258s] [100%] Built target sllidar_node
[0.261s] Invoked command in '/home/jg/ros_rlr/build/sllidar_ros2' returned '0': CMAKE_PREFIX_PATH=${CMAKE_PREFIX_PATH}:/home/jg/ros_rlr/install/cube_localizer:/opt/ros/humble /usr/bin/cmake --build /home/jg/ros_rlr/build/sllidar_ros2 -- -j8 -l8
[0.319s] Invoking command in '/home/jg/ros_rlr/build/sllidar_ros2': CMAKE_PREFIX_PATH=${CMAKE_PREFIX_PATH}:/home/jg/ros_rlr/install/cube_localizer:/opt/ros/humble /usr/bin/cmake --install /home/jg/ros_rlr/build/sllidar_ros2
[0.324s] -- Install configuration: ""
[0.325s] -- Up-to-date: /home/jg/ros_rlr/install/sllidar_ros2/share/sllidar_ros2/launch
[0.325s] -- Up-to-date: /home/jg/ros_rlr/install/sllidar_ros2/share/sllidar_ros2/launch/view_sllidar_a2m7_launch.py
[0.325s] -- Up-to-date: /home/jg/ros_rlr/install/sllidar_ros2/share/sllidar_ros2/launch/view_sllidar_s1_tcp_launch.py
[0.325s] -- Up-to-date: /home/jg/ros_rlr/install/sllidar_ros2/share/sllidar_ros2/launch/view_sllidar_s2e_launch.py
[0.325s] -- Up-to-date: /home/jg/ros_rlr/install/sllidar_ros2/share/sllidar_ros2/launch/view_sllidar_s2_launch.py
[0.325s] -- Up-to-date: /home/jg/ros_rlr/install/sllidar_ros2/share/sllidar_ros2/launch/view_sllidar_a2m12_launch.py
[0.325s] -- Up-to-date: /home/jg/ros_rlr/install/sllidar_ros2/share/sllidar_ros2/launch/sllidar_c1_launch.py
[0.325s] -- Up-to-date: /home/jg/ros_rlr/install/sllidar_ros2/share/sllidar_ros2/launch/view_sllidar_s3_launch.py
[0.325s] -- Up-to-date: /home/jg/ros_rlr/install/sllidar_ros2/share/sllidar_ros2/launch/sllidar_s2_launch.py
[0.325s] -- Up-to-date: /home/jg/ros_rlr/install/sllidar_ros2/share/sllidar_ros2/launch/view_sllidar_c1_launch.py
[0.325s] -- Up-to-date: /home/jg/ros_rlr/install/sllidar_ros2/share/sllidar_ros2/launch/sllidar_s3_launch.py
[0.325s] -- Up-to-date: /home/jg/ros_rlr/install/sllidar_ros2/share/sllidar_ros2/launch/sllidar_a1_launch.py
[0.326s] -- Up-to-date: /home/jg/ros_rlr/install/sllidar_ros2/share/sllidar_ros2/launch/sllidar_a2m7_launch.py
[0.326s] -- Up-to-date: /home/jg/ros_rlr/install/sllidar_ros2/share/sllidar_ros2/launch/view_sllidar_s1_launch.py
[0.326s] -- Up-to-date: /home/jg/ros_rlr/install/sllidar_ros2/share/sllidar_ros2/launch/sllidar_a2m8_launch.py
[0.326s] -- Up-to-date: /home/jg/ros_rlr/install/sllidar_ros2/share/sllidar_ros2/launch/sllidar_a3_launch.py
[0.326s] -- Up-to-date: /home/jg/ros_rlr/install/sllidar_ros2/share/sllidar_ros2/launch/sllidar_a2m12_launch .py
[0.326s] -- Up-to-date: /home/jg/ros_rlr/install/sllidar_ros2/share/sllidar_ros2/launch/sllidar_s1_tcp_launch.py
[0.326s] -- Up-to-date: /home/jg/ros_rlr/install/sllidar_ros2/share/sllidar_ros2/launch/sllidar_s2e_launch.py
[0.326s] -- Up-to-date: /home/jg/ros_rlr/install/sllidar_ros2/share/sllidar_ros2/launch/sllidar_s1_launch.py
[0.326s] -- Up-to-date: /home/jg/ros_rlr/install/sllidar_ros2/share/sllidar_ros2/launch/sllidar_t1_launch.py
[0.326s] -- Up-to-date: /home/jg/ros_rlr/install/sllidar_ros2/share/sllidar_ros2/launch/view_sllidar_t1_launch.py
[0.327s] -- Up-to-date: /home/jg/ros_rlr/install/sllidar_ros2/share/sllidar_ros2/launch/view_sllidar_a2m8_launch.py
[0.327s] -- Up-to-date: /home/jg/ros_rlr/install/sllidar_ros2/share/sllidar_ros2/launch/view_sllidar_a1_launch.py
[0.327s] -- Up-to-date: /home/jg/ros_rlr/install/sllidar_ros2/share/sllidar_ros2/launch/view_sllidar_a3_launch.py
[0.327s] -- Up-to-date: /home/jg/ros_rlr/install/sllidar_ros2/share/sllidar_ros2/rviz
[0.327s] -- Up-to-date: /home/jg/ros_rlr/install/sllidar_ros2/share/sllidar_ros2/rviz/sllidar_ros2.rviz
[0.327s] -- Up-to-date: /home/jg/ros_rlr/install/sllidar_ros2/lib/sllidar_ros2/sllidar_node
[0.327s] -- Up-to-date: /home/jg/ros_rlr/install/sllidar_ros2/lib/sllidar_ros2/sllidar_client
[0.327s] -- Up-to-date: /home/jg/ros_rlr/install/sllidar_ros2/share/ament_index/resource_index/package_run_dependencies/sllidar_ros2
[0.327s] -- Up-to-date: /home/jg/ros_rlr/install/sllidar_ros2/share/ament_index/resource_index/parent_prefix_path/sllidar_ros2
[0.327s] -- Up-to-date: /home/jg/ros_rlr/install/sllidar_ros2/share/sllidar_ros2/environment/ament_prefix_path.sh
[0.327s] -- Up-to-date: /home/jg/ros_rlr/install/sllidar_ros2/share/sllidar_ros2/environment/ament_prefix_path.dsv
[0.327s] -- Up-to-date: /home/jg/ros_rlr/install/sllidar_ros2/share/sllidar_ros2/environment/path.sh
[0.327s] -- Up-to-date: /home/jg/ros_rlr/install/sllidar_ros2/share/sllidar_ros2/environment/path.dsv
[0.328s] -- Up-to-date: /home/jg/ros_rlr/install/sllidar_ros2/share/sllidar_ros2/local_setup.bash
[0.328s] -- Up-to-date: /home/jg/ros_rlr/install/sllidar_ros2/share/sllidar_ros2/local_setup.sh
[0.330s] -- Up-to-date: /home/jg/ros_rlr/install/sllidar_ros2/share/sllidar_ros2/local_setup.zsh
[0.331s] -- Up-to-date: /home/jg/ros_rlr/install/sllidar_ros2/share/sllidar_ros2/local_setup.dsv
[0.331s] -- Installing: /home/jg/ros_rlr/install/sllidar_ros2/share/sllidar_ros2/package.dsv
[0.332s] -- Up-to-date: /home/jg/ros_rlr/install/sllidar_ros2/share/ament_index/resource_index/packages/sllidar_ros2
[0.332s] -- Up-to-date: /home/jg/ros_rlr/install/sllidar_ros2/share/sllidar_ros2/cmake/ament_cmake_export_dependencies-extras.cmake
[0.332s] -- Up-to-date: /home/jg/ros_rlr/install/sllidar_ros2/share/sllidar_ros2/cmake/ament_cmake_export_include_directories-extras.cmake
[0.332s] -- Up-to-date: /home/jg/ros_rlr/install/sllidar_ros2/share/sllidar_ros2/cmake/sllidar_ros2Config.cmake
[0.332s] -- Up-to-date: /home/jg/ros_rlr/install/sllidar_ros2/share/sllidar_ros2/cmake/sllidar_ros2Config-version.cmake
[0.332s] -- Up-to-date: /home/jg/ros_rlr/install/sllidar_ros2/share/sllidar_ros2/package.xml
[0.332s] Invoked command in '/home/jg/ros_rlr/build/sllidar_ros2' returned '0': CMAKE_PREFIX_PATH=${CMAKE_PREFIX_PATH}:/home/jg/ros_rlr/install/cube_localizer:/opt/ros/humble /usr/bin/cmake --install /home/jg/ros_rlr/build/sllidar_ros2
