[0.403s] Invoking command in '/home/jg/ros_rlr/src/cube_localizer': PYTHONPATH=/home/jg/ros_rlr/build/cube_localizer/prefix_override:/home/jg/ros_rlr/install/cube_localizer/lib/python3.10/site-packages:${PYTHONPATH} /usr/bin/python3 -W ignore:setup.py install is deprecated setup.py egg_info --egg-base ../../build/cube_localizer build --build-base /home/jg/ros_rlr/build/cube_localizer/build install --record /home/jg/ros_rlr/build/cube_localizer/install.log --single-version-externally-managed install_data
[0.554s] running egg_info
[0.555s] writing ../../build/cube_localizer/cube_localizer.egg-info/PKG-INFO
[0.555s] writing dependency_links to ../../build/cube_localizer/cube_localizer.egg-info/dependency_links.txt
[0.555s] writing entry points to ../../build/cube_localizer/cube_localizer.egg-info/entry_points.txt
[0.555s] writing requirements to ../../build/cube_localizer/cube_localizer.egg-info/requires.txt
[0.555s] writing top-level names to ../../build/cube_localizer/cube_localizer.egg-info/top_level.txt
[0.557s] reading manifest file '../../build/cube_localizer/cube_localizer.egg-info/SOURCES.txt'
[0.557s] writing manifest file '../../build/cube_localizer/cube_localizer.egg-info/SOURCES.txt'
[0.557s] running build
[0.557s] running build_py
[0.557s] running install
[0.558s] running install_lib
[0.559s] running install_data
[0.559s] copying launch/cube_localizer.launch.py -> /home/jg/ros_rlr/install/cube_localizer/share/cube_localizer
[0.559s] running install_egg_info
[0.560s] removing '/home/jg/ros_rlr/install/cube_localizer/lib/python3.10/site-packages/cube_localizer-0.0.0-py3.10.egg-info' (and everything under it)
[0.560s] Copying ../../build/cube_localizer/cube_localizer.egg-info to /home/jg/ros_rlr/install/cube_localizer/lib/python3.10/site-packages/cube_localizer-0.0.0-py3.10.egg-info
[0.561s] running install_scripts
[0.575s] Installing cube_localizer script to /home/jg/ros_rlr/install/cube_localizer/lib/cube_localizer
[0.576s] writing list of installed files to '/home/jg/ros_rlr/build/cube_localizer/install.log'
[0.594s] Invoked command in '/home/jg/ros_rlr/src/cube_localizer' returned '0': PYTHONPATH=/home/jg/ros_rlr/build/cube_localizer/prefix_override:/home/jg/ros_rlr/install/cube_localizer/lib/python3.10/site-packages:${PYTHONPATH} /usr/bin/python3 -W ignore:setup.py install is deprecated setup.py egg_info --egg-base ../../build/cube_localizer build --build-base /home/jg/ros_rlr/build/cube_localizer/build install --record /home/jg/ros_rlr/build/cube_localizer/install.log --single-version-externally-managed install_data
