[0.540s] Invoking command in '/home/jg/ros_rlr/src/pt_accumulator': PYTHONPATH=/home/jg/ros_rlr/build/pt_accumulator/prefix_override:/home/jg/ros_rlr/install/pt_accumulator/lib/python3.10/site-packages:${PYTHONPATH} /usr/bin/python3 -W ignore:setup.py install is deprecated setup.py egg_info --egg-base ../../build/pt_accumulator build --build-base /home/jg/ros_rlr/build/pt_accumulator/build install --record /home/jg/ros_rlr/build/pt_accumulator/install.log --single-version-externally-managed install_data
[0.736s] running egg_info
[0.737s] creating ../../build/pt_accumulator/pt_accumulator.egg-info
[0.737s] writing ../../build/pt_accumulator/pt_accumulator.egg-info/PKG-INFO
[0.737s] writing dependency_links to ../../build/pt_accumulator/pt_accumulator.egg-info/dependency_links.txt
[0.737s] writing entry points to ../../build/pt_accumulator/pt_accumulator.egg-info/entry_points.txt
[0.737s] writing requirements to ../../build/pt_accumulator/pt_accumulator.egg-info/requires.txt
[0.738s] writing top-level names to ../../build/pt_accumulator/pt_accumulator.egg-info/top_level.txt
[0.738s] writing manifest file '../../build/pt_accumulator/pt_accumulator.egg-info/SOURCES.txt'
[0.739s] reading manifest file '../../build/pt_accumulator/pt_accumulator.egg-info/SOURCES.txt'
[0.739s] writing manifest file '../../build/pt_accumulator/pt_accumulator.egg-info/SOURCES.txt'
[0.739s] running build
[0.739s] running build_py
[0.739s] creating /home/jg/ros_rlr/build/pt_accumulator/build
[0.739s] creating /home/jg/ros_rlr/build/pt_accumulator/build/lib
[0.740s] creating /home/jg/ros_rlr/build/pt_accumulator/build/lib/pt_accumulator
[0.740s] copying pt_accumulator/pt_accumulator.py -> /home/jg/ros_rlr/build/pt_accumulator/build/lib/pt_accumulator
[0.740s] copying pt_accumulator/__init__.py -> /home/jg/ros_rlr/build/pt_accumulator/build/lib/pt_accumulator
[0.740s] running install
[0.740s] running install_lib
[0.740s] creating /home/jg/ros_rlr/install/pt_accumulator/lib/python3.10/site-packages/pt_accumulator
[0.740s] copying /home/jg/ros_rlr/build/pt_accumulator/build/lib/pt_accumulator/pt_accumulator.py -> /home/jg/ros_rlr/install/pt_accumulator/lib/python3.10/site-packages/pt_accumulator
[0.741s] copying /home/jg/ros_rlr/build/pt_accumulator/build/lib/pt_accumulator/__init__.py -> /home/jg/ros_rlr/install/pt_accumulator/lib/python3.10/site-packages/pt_accumulator
[0.741s] byte-compiling /home/jg/ros_rlr/install/pt_accumulator/lib/python3.10/site-packages/pt_accumulator/pt_accumulator.py to pt_accumulator.cpython-310.pyc
[0.741s] byte-compiling /home/jg/ros_rlr/install/pt_accumulator/lib/python3.10/site-packages/pt_accumulator/__init__.py to __init__.cpython-310.pyc
[0.741s] running install_data
[0.742s] creating /home/jg/ros_rlr/install/pt_accumulator/share/ament_index
[0.742s] creating /home/jg/ros_rlr/install/pt_accumulator/share/ament_index/resource_index
[0.742s] creating /home/jg/ros_rlr/install/pt_accumulator/share/ament_index/resource_index/packages
[0.742s] copying resource/pt_accumulator -> /home/jg/ros_rlr/install/pt_accumulator/share/ament_index/resource_index/packages
[0.742s] copying package.xml -> /home/jg/ros_rlr/install/pt_accumulator/share/pt_accumulator
[0.742s] creating /home/jg/ros_rlr/install/pt_accumulator/share/pt_accumulator/launch
[0.742s] copying launch/pt_accumulator_launch.py -> /home/jg/ros_rlr/install/pt_accumulator/share/pt_accumulator/launch
[0.742s] running install_egg_info
[0.743s] Copying ../../build/pt_accumulator/pt_accumulator.egg-info to /home/jg/ros_rlr/install/pt_accumulator/lib/python3.10/site-packages/pt_accumulator-0.0.1-py3.10.egg-info
[0.743s] running install_scripts
[0.761s] Installing pt_accumulator script to /home/jg/ros_rlr/install/pt_accumulator/lib/pt_accumulator
[0.762s] writing list of installed files to '/home/jg/ros_rlr/build/pt_accumulator/install.log'
[0.783s] Invoked command in '/home/jg/ros_rlr/src/pt_accumulator' returned '0': PYTHONPATH=/home/jg/ros_rlr/build/pt_accumulator/prefix_override:/home/jg/ros_rlr/install/pt_accumulator/lib/python3.10/site-packages:${PYTHONPATH} /usr/bin/python3 -W ignore:setup.py install is deprecated setup.py egg_info --egg-base ../../build/pt_accumulator build --build-base /home/jg/ros_rlr/build/pt_accumulator/build install --record /home/jg/ros_rlr/build/pt_accumulator/install.log --single-version-externally-managed install_data
