[0.412s] Invoking command in '/home/jg/ros_rlr/src/cube_localizer': AMENT_PREFIX_PATH=/home/jg/ros_rlr/install/rplidar_ros:${AMENT_PREFIX_PATH} CMAKE_PREFIX_PATH=/home/jg/ros_rlr/install/rplidar_ros:${CMAKE_PREFIX_PATH} LD_LIBRARY_PATH=/home/jg/ros_rlr/install/rplidar_ros/lib:${LD_LIBRARY_PATH} PYTHONPATH=/home/jg/ros_rlr/build/cube_localizer/prefix_override:/home/jg/ros_rlr/install/cube_localizer/lib/python3.10/site-packages:${PYTHONPATH} /usr/bin/python3 -W ignore:setup.py install is deprecated setup.py egg_info --egg-base ../../build/cube_localizer build --build-base /home/jg/ros_rlr/build/cube_localizer/build install --record /home/jg/ros_rlr/build/cube_localizer/install.log --single-version-externally-managed install_data
[0.566s] running egg_info
[0.566s] writing ../../build/cube_localizer/cube_localizer.egg-info/PKG-INFO
[0.567s] writing dependency_links to ../../build/cube_localizer/cube_localizer.egg-info/dependency_links.txt
[0.567s] writing entry points to ../../build/cube_localizer/cube_localizer.egg-info/entry_points.txt
[0.567s] writing requirements to ../../build/cube_localizer/cube_localizer.egg-info/requires.txt
[0.567s] writing top-level names to ../../build/cube_localizer/cube_localizer.egg-info/top_level.txt
[0.569s] reading manifest file '../../build/cube_localizer/cube_localizer.egg-info/SOURCES.txt'
[0.569s] writing manifest file '../../build/cube_localizer/cube_localizer.egg-info/SOURCES.txt'
[0.569s] running build
[0.569s] running build_py
[0.570s] running install
[0.570s] running install_lib
[0.571s] running install_data
[0.571s] copying launch/cube_localizer.launch.py -> /home/jg/ros_rlr/install/cube_localizer/share/cube_localizer
[0.571s] running install_egg_info
[0.573s] removing '/home/jg/ros_rlr/install/cube_localizer/lib/python3.10/site-packages/cube_localizer-0.0.0-py3.10.egg-info' (and everything under it)
[0.573s] Copying ../../build/cube_localizer/cube_localizer.egg-info to /home/jg/ros_rlr/install/cube_localizer/lib/python3.10/site-packages/cube_localizer-0.0.0-py3.10.egg-info
[0.573s] running install_scripts
[0.591s] Installing cube_localizer script to /home/jg/ros_rlr/install/cube_localizer/lib/cube_localizer
[0.591s] writing list of installed files to '/home/jg/ros_rlr/build/cube_localizer/install.log'
[0.609s] Invoked command in '/home/jg/ros_rlr/src/cube_localizer' returned '0': AMENT_PREFIX_PATH=/home/jg/ros_rlr/install/rplidar_ros:${AMENT_PREFIX_PATH} CMAKE_PREFIX_PATH=/home/jg/ros_rlr/install/rplidar_ros:${CMAKE_PREFIX_PATH} LD_LIBRARY_PATH=/home/jg/ros_rlr/install/rplidar_ros/lib:${LD_LIBRARY_PATH} PYTHONPATH=/home/jg/ros_rlr/build/cube_localizer/prefix_override:/home/jg/ros_rlr/install/cube_localizer/lib/python3.10/site-packages:${PYTHONPATH} /usr/bin/python3 -W ignore:setup.py install is deprecated setup.py egg_info --egg-base ../../build/cube_localizer build --build-base /home/jg/ros_rlr/build/cube_localizer/build install --record /home/jg/ros_rlr/build/cube_localizer/install.log --single-version-externally-managed install_data
