[0.526s] Invoking command in '/home/jg/ros_rlr/src/pt_accumulator': PYTHONPATH=/home/jg/ros_rlr/build/pt_accumulator/prefix_override:/home/jg/ros_rlr/install/pt_accumulator/lib/python3.10/site-packages:${PYTHONPATH} /usr/bin/python3 -W ignore:setup.py install is deprecated setup.py egg_info --egg-base ../../build/pt_accumulator build --build-base /home/jg/ros_rlr/build/pt_accumulator/build install --record /home/jg/ros_rlr/build/pt_accumulator/install.log --single-version-externally-managed install_data
[0.728s] running egg_info
[0.730s] writing ../../build/pt_accumulator/pt_accumulator.egg-info/PKG-INFO
[0.730s] writing dependency_links to ../../build/pt_accumulator/pt_accumulator.egg-info/dependency_links.txt
[0.730s] writing entry points to ../../build/pt_accumulator/pt_accumulator.egg-info/entry_points.txt
[0.730s] writing requirements to ../../build/pt_accumulator/pt_accumulator.egg-info/requires.txt
[0.730s] writing top-level names to ../../build/pt_accumulator/pt_accumulator.egg-info/top_level.txt
[0.733s] reading manifest file '../../build/pt_accumulator/pt_accumulator.egg-info/SOURCES.txt'
[0.733s] writing manifest file '../../build/pt_accumulator/pt_accumulator.egg-info/SOURCES.txt'
[0.733s] running build
[0.733s] running build_py
[0.733s] running install
[0.734s] running install_lib
[0.734s] running install_data
[0.735s] copying package.xml -> /home/jg/ros_rlr/install/pt_accumulator/share/pt_accumulator
[0.735s] running install_egg_info
[0.736s] removing '/home/jg/ros_rlr/install/pt_accumulator/lib/python3.10/site-packages/pt_accumulator-0.0.1-py3.10.egg-info' (and everything under it)
[0.736s] Copying ../../build/pt_accumulator/pt_accumulator.egg-info to /home/jg/ros_rlr/install/pt_accumulator/lib/python3.10/site-packages/pt_accumulator-0.0.1-py3.10.egg-info
[0.736s] running install_scripts
[0.754s] Installing pt_accumulator script to /home/jg/ros_rlr/install/pt_accumulator/lib/pt_accumulator
[0.755s] writing list of installed files to '/home/jg/ros_rlr/build/pt_accumulator/install.log'
[0.778s] Invoked command in '/home/jg/ros_rlr/src/pt_accumulator' returned '0': PYTHONPATH=/home/jg/ros_rlr/build/pt_accumulator/prefix_override:/home/jg/ros_rlr/install/pt_accumulator/lib/python3.10/site-packages:${PYTHONPATH} /usr/bin/python3 -W ignore:setup.py install is deprecated setup.py egg_info --egg-base ../../build/pt_accumulator build --build-base /home/jg/ros_rlr/build/pt_accumulator/build install --record /home/jg/ros_rlr/build/pt_accumulator/install.log --single-version-externally-managed install_data
