[0.086s] DEBUG:colcon:Command line arguments: ['/usr/bin/colcon', 'build', '--packages-select', 'cube_localizer']
[0.086s] DEBUG:colcon:Parsed command line arguments: Namespace(log_base=None, log_level=None, verb_name='build', build_base='build', install_base='install', merge_install=False, symlink_install=False, test_result_base=None, continue_on_error=False, executor='parallel', parallel_workers=8, event_handlers=None, ignore_user_meta=False, metas=['./colcon.meta'], base_paths=['.'], packages_ignore=None, packages_ignore_regex=None, paths=None, packages_up_to=None, packages_up_to_regex=None, packages_above=None, packages_above_and_dependencies=None, packages_above_depth=None, packages_select_by_dep=None, packages_skip_by_dep=None, packages_skip_up_to=None, packages_select_build_failed=False, packages_skip_build_finished=False, packages_select_test_failures=False, packages_skip_test_passed=False, packages_select=['cube_localizer'], packages_skip=None, packages_select_regex=None, packages_skip_regex=None, packages_start=None, packages_end=None, allow_overriding=[], cmake_args=None, cmake_target=None, cmake_target_skip_unavailable=False, cmake_clean_cache=False, cmake_clean_first=False, cmake_force_configure=False, ament_cmake_args=None, catkin_cmake_args=None, catkin_skip_building_tests=False, mixin_files=None, mixin=None, verb_parser=<colcon_mixin.mixin.mixin_argument.MixinArgumentDecorator object at 0x7f3122d8ac80>, verb_extension=<colcon_core.verb.build.BuildVerb object at 0x7f3122d8a7d0>, main=<bound method BuildVerb.main of <colcon_core.verb.build.BuildVerb object at 0x7f3122d8a7d0>>, mixin_verb=('build',))
[0.216s] Level 1:colcon.colcon_core.package_discovery:discover_packages(colcon_meta) check parameters
[0.216s] Level 1:colcon.colcon_core.package_discovery:discover_packages(recursive) check parameters
[0.216s] Level 1:colcon.colcon_core.package_discovery:discover_packages(ignore) check parameters
[0.216s] Level 1:colcon.colcon_core.package_discovery:discover_packages(path) check parameters
[0.216s] Level 1:colcon.colcon_core.package_discovery:discover_packages(colcon_meta) discover
[0.216s] Level 1:colcon.colcon_core.package_discovery:discover_packages(recursive) discover
[0.216s] INFO:colcon.colcon_core.package_discovery:Crawling recursively for packages in '/home/jg/ros_rlr'
[0.216s] Level 1:colcon.colcon_core.package_identification:_identify(.) by extensions ['ignore', 'ignore_ament_install']
[0.216s] Level 1:colcon.colcon_core.package_identification:_identify(.) by extension 'ignore'
[0.216s] Level 1:colcon.colcon_core.package_identification:_identify(.) by extension 'ignore_ament_install'
[0.216s] Level 1:colcon.colcon_core.package_identification:_identify(.) by extensions ['colcon_pkg']
[0.216s] Level 1:colcon.colcon_core.package_identification:_identify(.) by extension 'colcon_pkg'
[0.216s] Level 1:colcon.colcon_core.package_identification:_identify(.) by extensions ['colcon_meta']
[0.216s] Level 1:colcon.colcon_core.package_identification:_identify(.) by extension 'colcon_meta'
[0.217s] Level 1:colcon.colcon_core.package_identification:_identify(.) by extensions ['ros']
[0.217s] Level 1:colcon.colcon_core.package_identification:_identify(.) by extension 'ros'
[0.224s] Level 1:colcon.colcon_core.package_identification:_identify(.) by extensions ['cmake', 'python']
[0.224s] Level 1:colcon.colcon_core.package_identification:_identify(.) by extension 'cmake'
[0.224s] Level 1:colcon.colcon_core.package_identification:_identify(.) by extension 'python'
[0.224s] Level 1:colcon.colcon_core.package_identification:_identify(.) by extensions ['python_setup_py']
[0.224s] Level 1:colcon.colcon_core.package_identification:_identify(.) by extension 'python_setup_py'
[0.224s] Level 1:colcon.colcon_core.package_identification:_identify(build) by extensions ['ignore', 'ignore_ament_install']
[0.224s] Level 1:colcon.colcon_core.package_identification:_identify(build) by extension 'ignore'
[0.224s] Level 1:colcon.colcon_core.package_identification:_identify(build) ignored
[0.225s] Level 1:colcon.colcon_core.package_identification:_identify(cloudcompare) by extensions ['ignore', 'ignore_ament_install']
[0.225s] Level 1:colcon.colcon_core.package_identification:_identify(cloudcompare) by extension 'ignore'
[0.225s] Level 1:colcon.colcon_core.package_identification:_identify(cloudcompare) by extension 'ignore_ament_install'
[0.225s] Level 1:colcon.colcon_core.package_identification:_identify(cloudcompare) by extensions ['colcon_pkg']
[0.225s] Level 1:colcon.colcon_core.package_identification:_identify(cloudcompare) by extension 'colcon_pkg'
[0.225s] Level 1:colcon.colcon_core.package_identification:_identify(cloudcompare) by extensions ['colcon_meta']
[0.225s] Level 1:colcon.colcon_core.package_identification:_identify(cloudcompare) by extension 'colcon_meta'
[0.225s] Level 1:colcon.colcon_core.package_identification:_identify(cloudcompare) by extensions ['ros']
[0.225s] Level 1:colcon.colcon_core.package_identification:_identify(cloudcompare) by extension 'ros'
[0.225s] Level 1:colcon.colcon_core.package_identification:_identify(cloudcompare) by extensions ['cmake', 'python']
[0.225s] Level 1:colcon.colcon_core.package_identification:_identify(cloudcompare) by extension 'cmake'
[0.225s] Level 1:colcon.colcon_core.package_identification:_identify(cloudcompare) by extension 'python'
[0.225s] Level 1:colcon.colcon_core.package_identification:_identify(cloudcompare) by extensions ['python_setup_py']
[0.225s] Level 1:colcon.colcon_core.package_identification:_identify(cloudcompare) by extension 'python_setup_py'
[0.225s] Level 1:colcon.colcon_core.package_identification:_identify(install) by extensions ['ignore', 'ignore_ament_install']
[0.226s] Level 1:colcon.colcon_core.package_identification:_identify(install) by extension 'ignore'
[0.226s] Level 1:colcon.colcon_core.package_identification:_identify(install) ignored
[0.226s] Level 1:colcon.colcon_core.package_identification:_identify(log) by extensions ['ignore', 'ignore_ament_install']
[0.226s] Level 1:colcon.colcon_core.package_identification:_identify(log) by extension 'ignore'
[0.226s] Level 1:colcon.colcon_core.package_identification:_identify(log) ignored
[0.226s] Level 1:colcon.colcon_core.package_identification:_identify(output_data) by extensions ['ignore', 'ignore_ament_install']
[0.226s] Level 1:colcon.colcon_core.package_identification:_identify(output_data) by extension 'ignore'
[0.226s] Level 1:colcon.colcon_core.package_identification:_identify(output_data) by extension 'ignore_ament_install'
[0.226s] Level 1:colcon.colcon_core.package_identification:_identify(output_data) by extensions ['colcon_pkg']
[0.226s] Level 1:colcon.colcon_core.package_identification:_identify(output_data) by extension 'colcon_pkg'
[0.226s] Level 1:colcon.colcon_core.package_identification:_identify(output_data) by extensions ['colcon_meta']
[0.226s] Level 1:colcon.colcon_core.package_identification:_identify(output_data) by extension 'colcon_meta'
[0.226s] Level 1:colcon.colcon_core.package_identification:_identify(output_data) by extensions ['ros']
[0.226s] Level 1:colcon.colcon_core.package_identification:_identify(output_data) by extension 'ros'
[0.226s] Level 1:colcon.colcon_core.package_identification:_identify(output_data) by extensions ['cmake', 'python']
[0.226s] Level 1:colcon.colcon_core.package_identification:_identify(output_data) by extension 'cmake'
[0.226s] Level 1:colcon.colcon_core.package_identification:_identify(output_data) by extension 'python'
[0.226s] Level 1:colcon.colcon_core.package_identification:_identify(output_data) by extensions ['python_setup_py']
[0.226s] Level 1:colcon.colcon_core.package_identification:_identify(output_data) by extension 'python_setup_py'
[0.226s] Level 1:colcon.colcon_core.package_identification:_identify(output_meshes) by extensions ['ignore', 'ignore_ament_install']
[0.226s] Level 1:colcon.colcon_core.package_identification:_identify(output_meshes) by extension 'ignore'
[0.226s] Level 1:colcon.colcon_core.package_identification:_identify(output_meshes) by extension 'ignore_ament_install'
[0.226s] Level 1:colcon.colcon_core.package_identification:_identify(output_meshes) by extensions ['colcon_pkg']
[0.226s] Level 1:colcon.colcon_core.package_identification:_identify(output_meshes) by extension 'colcon_pkg'
[0.226s] Level 1:colcon.colcon_core.package_identification:_identify(output_meshes) by extensions ['colcon_meta']
[0.226s] Level 1:colcon.colcon_core.package_identification:_identify(output_meshes) by extension 'colcon_meta'
[0.226s] Level 1:colcon.colcon_core.package_identification:_identify(output_meshes) by extensions ['ros']
[0.226s] Level 1:colcon.colcon_core.package_identification:_identify(output_meshes) by extension 'ros'
[0.227s] Level 1:colcon.colcon_core.package_identification:_identify(output_meshes) by extensions ['cmake', 'python']
[0.227s] Level 1:colcon.colcon_core.package_identification:_identify(output_meshes) by extension 'cmake'
[0.227s] Level 1:colcon.colcon_core.package_identification:_identify(output_meshes) by extension 'python'
[0.227s] Level 1:colcon.colcon_core.package_identification:_identify(output_meshes) by extensions ['python_setup_py']
[0.227s] Level 1:colcon.colcon_core.package_identification:_identify(output_meshes) by extension 'python_setup_py'
[0.227s] Level 1:colcon.colcon_core.package_identification:_identify(scanpoint_processing_scripts) by extensions ['ignore', 'ignore_ament_install']
[0.227s] Level 1:colcon.colcon_core.package_identification:_identify(scanpoint_processing_scripts) by extension 'ignore'
[0.227s] Level 1:colcon.colcon_core.package_identification:_identify(scanpoint_processing_scripts) by extension 'ignore_ament_install'
[0.227s] Level 1:colcon.colcon_core.package_identification:_identify(scanpoint_processing_scripts) by extensions ['colcon_pkg']
[0.227s] Level 1:colcon.colcon_core.package_identification:_identify(scanpoint_processing_scripts) by extension 'colcon_pkg'
[0.227s] Level 1:colcon.colcon_core.package_identification:_identify(scanpoint_processing_scripts) by extensions ['colcon_meta']
[0.227s] Level 1:colcon.colcon_core.package_identification:_identify(scanpoint_processing_scripts) by extension 'colcon_meta'
[0.227s] Level 1:colcon.colcon_core.package_identification:_identify(scanpoint_processing_scripts) by extensions ['ros']
[0.227s] Level 1:colcon.colcon_core.package_identification:_identify(scanpoint_processing_scripts) by extension 'ros'
[0.227s] Level 1:colcon.colcon_core.package_identification:_identify(scanpoint_processing_scripts) by extensions ['cmake', 'python']
[0.227s] Level 1:colcon.colcon_core.package_identification:_identify(scanpoint_processing_scripts) by extension 'cmake'
[0.227s] Level 1:colcon.colcon_core.package_identification:_identify(scanpoint_processing_scripts) by extension 'python'
[0.227s] Level 1:colcon.colcon_core.package_identification:_identify(scanpoint_processing_scripts) by extensions ['python_setup_py']
[0.227s] Level 1:colcon.colcon_core.package_identification:_identify(scanpoint_processing_scripts) by extension 'python_setup_py'
[0.227s] Level 1:colcon.colcon_core.package_identification:_identify(scanpoint_processing_scripts/build) by extensions ['ignore', 'ignore_ament_install']
[0.227s] Level 1:colcon.colcon_core.package_identification:_identify(scanpoint_processing_scripts/build) by extension 'ignore'
[0.227s] Level 1:colcon.colcon_core.package_identification:_identify(scanpoint_processing_scripts/build) ignored
[0.227s] Level 1:colcon.colcon_core.package_identification:_identify(scanpoint_processing_scripts/install) by extensions ['ignore', 'ignore_ament_install']
[0.227s] Level 1:colcon.colcon_core.package_identification:_identify(scanpoint_processing_scripts/install) by extension 'ignore'
[0.227s] Level 1:colcon.colcon_core.package_identification:_identify(scanpoint_processing_scripts/install) ignored
[0.227s] Level 1:colcon.colcon_core.package_identification:_identify(scanpoint_processing_scripts/log) by extensions ['ignore', 'ignore_ament_install']
[0.227s] Level 1:colcon.colcon_core.package_identification:_identify(scanpoint_processing_scripts/log) by extension 'ignore'
[0.227s] Level 1:colcon.colcon_core.package_identification:_identify(scanpoint_processing_scripts/log) ignored
[0.228s] Level 1:colcon.colcon_core.package_identification:_identify(scanpoint_processing_scripts/output) by extensions ['ignore', 'ignore_ament_install']
[0.228s] Level 1:colcon.colcon_core.package_identification:_identify(scanpoint_processing_scripts/output) by extension 'ignore'
[0.228s] Level 1:colcon.colcon_core.package_identification:_identify(scanpoint_processing_scripts/output) by extension 'ignore_ament_install'
[0.228s] Level 1:colcon.colcon_core.package_identification:_identify(scanpoint_processing_scripts/output) by extensions ['colcon_pkg']
[0.228s] Level 1:colcon.colcon_core.package_identification:_identify(scanpoint_processing_scripts/output) by extension 'colcon_pkg'
[0.228s] Level 1:colcon.colcon_core.package_identification:_identify(scanpoint_processing_scripts/output) by extensions ['colcon_meta']
[0.228s] Level 1:colcon.colcon_core.package_identification:_identify(scanpoint_processing_scripts/output) by extension 'colcon_meta'
[0.228s] Level 1:colcon.colcon_core.package_identification:_identify(scanpoint_processing_scripts/output) by extensions ['ros']
[0.228s] Level 1:colcon.colcon_core.package_identification:_identify(scanpoint_processing_scripts/output) by extension 'ros'
[0.228s] Level 1:colcon.colcon_core.package_identification:_identify(scanpoint_processing_scripts/output) by extensions ['cmake', 'python']
[0.228s] Level 1:colcon.colcon_core.package_identification:_identify(scanpoint_processing_scripts/output) by extension 'cmake'
[0.228s] Level 1:colcon.colcon_core.package_identification:_identify(scanpoint_processing_scripts/output) by extension 'python'
[0.228s] Level 1:colcon.colcon_core.package_identification:_identify(scanpoint_processing_scripts/output) by extensions ['python_setup_py']
[0.228s] Level 1:colcon.colcon_core.package_identification:_identify(scanpoint_processing_scripts/output) by extension 'python_setup_py'
[0.228s] Level 1:colcon.colcon_core.package_identification:_identify(scanpoint_processing_scripts/rosbag2_2024_06_30-19_45_53) by extensions ['ignore', 'ignore_ament_install']
[0.228s] Level 1:colcon.colcon_core.package_identification:_identify(scanpoint_processing_scripts/rosbag2_2024_06_30-19_45_53) by extension 'ignore'
[0.228s] Level 1:colcon.colcon_core.package_identification:_identify(scanpoint_processing_scripts/rosbag2_2024_06_30-19_45_53) by extension 'ignore_ament_install'
[0.228s] Level 1:colcon.colcon_core.package_identification:_identify(scanpoint_processing_scripts/rosbag2_2024_06_30-19_45_53) by extensions ['colcon_pkg']
[0.228s] Level 1:colcon.colcon_core.package_identification:_identify(scanpoint_processing_scripts/rosbag2_2024_06_30-19_45_53) by extension 'colcon_pkg'
[0.228s] Level 1:colcon.colcon_core.package_identification:_identify(scanpoint_processing_scripts/rosbag2_2024_06_30-19_45_53) by extensions ['colcon_meta']
[0.228s] Level 1:colcon.colcon_core.package_identification:_identify(scanpoint_processing_scripts/rosbag2_2024_06_30-19_45_53) by extension 'colcon_meta'
[0.228s] Level 1:colcon.colcon_core.package_identification:_identify(scanpoint_processing_scripts/rosbag2_2024_06_30-19_45_53) by extensions ['ros']
[0.228s] Level 1:colcon.colcon_core.package_identification:_identify(scanpoint_processing_scripts/rosbag2_2024_06_30-19_45_53) by extension 'ros'
[0.228s] Level 1:colcon.colcon_core.package_identification:_identify(scanpoint_processing_scripts/rosbag2_2024_06_30-19_45_53) by extensions ['cmake', 'python']
[0.228s] Level 1:colcon.colcon_core.package_identification:_identify(scanpoint_processing_scripts/rosbag2_2024_06_30-19_45_53) by extension 'cmake'
[0.228s] Level 1:colcon.colcon_core.package_identification:_identify(scanpoint_processing_scripts/rosbag2_2024_06_30-19_45_53) by extension 'python'
[0.228s] Level 1:colcon.colcon_core.package_identification:_identify(scanpoint_processing_scripts/rosbag2_2024_06_30-19_45_53) by extensions ['python_setup_py']
[0.228s] Level 1:colcon.colcon_core.package_identification:_identify(scanpoint_processing_scripts/rosbag2_2024_06_30-19_45_53) by extension 'python_setup_py'
[0.228s] Level 1:colcon.colcon_core.package_identification:_identify(src) by extensions ['ignore', 'ignore_ament_install']
[0.229s] Level 1:colcon.colcon_core.package_identification:_identify(src) by extension 'ignore'
[0.229s] Level 1:colcon.colcon_core.package_identification:_identify(src) by extension 'ignore_ament_install'
[0.229s] Level 1:colcon.colcon_core.package_identification:_identify(src) by extensions ['colcon_pkg']
[0.229s] Level 1:colcon.colcon_core.package_identification:_identify(src) by extension 'colcon_pkg'
[0.229s] Level 1:colcon.colcon_core.package_identification:_identify(src) by extensions ['colcon_meta']
[0.229s] Level 1:colcon.colcon_core.package_identification:_identify(src) by extension 'colcon_meta'
[0.229s] Level 1:colcon.colcon_core.package_identification:_identify(src) by extensions ['ros']
[0.229s] Level 1:colcon.colcon_core.package_identification:_identify(src) by extension 'ros'
[0.229s] Level 1:colcon.colcon_core.package_identification:_identify(src) by extensions ['cmake', 'python']
[0.229s] Level 1:colcon.colcon_core.package_identification:_identify(src) by extension 'cmake'
[0.229s] Level 1:colcon.colcon_core.package_identification:_identify(src) by extension 'python'
[0.229s] Level 1:colcon.colcon_core.package_identification:_identify(src) by extensions ['python_setup_py']
[0.229s] Level 1:colcon.colcon_core.package_identification:_identify(src) by extension 'python_setup_py'
[0.229s] Level 1:colcon.colcon_core.package_identification:_identify(src/cube_localizer) by extensions ['ignore', 'ignore_ament_install']
[0.229s] Level 1:colcon.colcon_core.package_identification:_identify(src/cube_localizer) by extension 'ignore'
[0.229s] Level 1:colcon.colcon_core.package_identification:_identify(src/cube_localizer) by extension 'ignore_ament_install'
[0.229s] Level 1:colcon.colcon_core.package_identification:_identify(src/cube_localizer) by extensions ['colcon_pkg']
[0.229s] Level 1:colcon.colcon_core.package_identification:_identify(src/cube_localizer) by extension 'colcon_pkg'
[0.229s] Level 1:colcon.colcon_core.package_identification:_identify(src/cube_localizer) by extensions ['colcon_meta']
[0.229s] Level 1:colcon.colcon_core.package_identification:_identify(src/cube_localizer) by extension 'colcon_meta'
[0.229s] Level 1:colcon.colcon_core.package_identification:_identify(src/cube_localizer) by extensions ['ros']
[0.229s] Level 1:colcon.colcon_core.package_identification:_identify(src/cube_localizer) by extension 'ros'
[0.231s] DEBUG:colcon.colcon_core.package_identification:Package 'src/cube_localizer' with type 'ros.ament_python' and name 'cube_localizer'
[0.231s] Level 1:colcon.colcon_core.package_identification:_identify(src/rplidar_ros2) by extensions ['ignore', 'ignore_ament_install']
[0.231s] Level 1:colcon.colcon_core.package_identification:_identify(src/rplidar_ros2) by extension 'ignore'
[0.231s] Level 1:colcon.colcon_core.package_identification:_identify(src/rplidar_ros2) by extension 'ignore_ament_install'
[0.231s] Level 1:colcon.colcon_core.package_identification:_identify(src/rplidar_ros2) by extensions ['colcon_pkg']
[0.231s] Level 1:colcon.colcon_core.package_identification:_identify(src/rplidar_ros2) by extension 'colcon_pkg'
[0.231s] Level 1:colcon.colcon_core.package_identification:_identify(src/rplidar_ros2) by extensions ['colcon_meta']
[0.231s] Level 1:colcon.colcon_core.package_identification:_identify(src/rplidar_ros2) by extension 'colcon_meta'
[0.231s] Level 1:colcon.colcon_core.package_identification:_identify(src/rplidar_ros2) by extensions ['ros']
[0.231s] Level 1:colcon.colcon_core.package_identification:_identify(src/rplidar_ros2) by extension 'ros'
[0.232s] DEBUG:colcon.colcon_core.package_identification:Package 'src/rplidar_ros2' with type 'ros.ament_cmake' and name 'rplidar_ros'
[0.232s] Level 1:colcon.colcon_core.package_identification:_identify(src/sllidar_ros2) by extensions ['ignore', 'ignore_ament_install']
[0.232s] Level 1:colcon.colcon_core.package_identification:_identify(src/sllidar_ros2) by extension 'ignore'
[0.232s] Level 1:colcon.colcon_core.package_identification:_identify(src/sllidar_ros2) by extension 'ignore_ament_install'
[0.232s] Level 1:colcon.colcon_core.package_identification:_identify(src/sllidar_ros2) by extensions ['colcon_pkg']
[0.232s] Level 1:colcon.colcon_core.package_identification:_identify(src/sllidar_ros2) by extension 'colcon_pkg'
[0.232s] Level 1:colcon.colcon_core.package_identification:_identify(src/sllidar_ros2) by extensions ['colcon_meta']
[0.232s] Level 1:colcon.colcon_core.package_identification:_identify(src/sllidar_ros2) by extension 'colcon_meta'
[0.232s] Level 1:colcon.colcon_core.package_identification:_identify(src/sllidar_ros2) by extensions ['ros']
[0.232s] Level 1:colcon.colcon_core.package_identification:_identify(src/sllidar_ros2) by extension 'ros'
[0.233s] DEBUG:colcon.colcon_core.package_identification:Package 'src/sllidar_ros2' with type 'ros.ament_cmake' and name 'sllidar_ros2'
[0.233s] Level 1:colcon.colcon_core.package_discovery:discover_packages(recursive) using defaults
[0.233s] Level 1:colcon.colcon_core.package_discovery:discover_packages(ignore) discover
[0.233s] Level 1:colcon.colcon_core.package_discovery:discover_packages(ignore) using defaults
[0.233s] Level 1:colcon.colcon_core.package_discovery:discover_packages(path) discover
[0.233s] Level 1:colcon.colcon_core.package_discovery:discover_packages(path) using defaults
[0.261s] INFO:colcon.colcon_core.package_selection:Skipping not selected package 'rplidar_ros' in 'src/rplidar_ros2'
[0.261s] INFO:colcon.colcon_core.package_selection:Skipping not selected package 'sllidar_ros2' in 'src/sllidar_ros2'
[0.261s] Level 1:colcon.colcon_core.package_discovery:discover_packages(prefix_path) check parameters
[0.261s] Level 1:colcon.colcon_core.package_discovery:discover_packages(prefix_path) discover
[0.263s] DEBUG:colcon.colcon_installed_package_information.package_discovery:Found 9 installed packages in /home/jg/linorobot2_ws/install
[0.263s] DEBUG:colcon.colcon_installed_package_information.package_discovery:Found 1 installed packages in /home/jg/sam_bot_description/install
[0.263s] DEBUG:colcon.colcon_installed_package_information.package_discovery:Found 2 installed packages in /home/jg/turtlebot3_ws/install
[0.264s] DEBUG:colcon.colcon_installed_package_information.package_discovery:Found 1 installed packages in /home/jg/pointcloud_ws/install
[0.265s] DEBUG:colcon.colcon_installed_package_information.package_discovery:Found 342 installed packages in /opt/ros/humble
[0.266s] Level 1:colcon.colcon_core.package_discovery:discover_packages(prefix_path) using defaults
[0.298s] Level 5:colcon.colcon_core.verb:set package 'cube_localizer' build argument 'cmake_args' from command line to 'None'
[0.298s] Level 5:colcon.colcon_core.verb:set package 'cube_localizer' build argument 'cmake_target' from command line to 'None'
[0.298s] Level 5:colcon.colcon_core.verb:set package 'cube_localizer' build argument 'cmake_target_skip_unavailable' from command line to 'False'
[0.298s] Level 5:colcon.colcon_core.verb:set package 'cube_localizer' build argument 'cmake_clean_cache' from command line to 'False'
[0.298s] Level 5:colcon.colcon_core.verb:set package 'cube_localizer' build argument 'cmake_clean_first' from command line to 'False'
[0.298s] Level 5:colcon.colcon_core.verb:set package 'cube_localizer' build argument 'cmake_force_configure' from command line to 'False'
[0.298s] Level 5:colcon.colcon_core.verb:set package 'cube_localizer' build argument 'ament_cmake_args' from command line to 'None'
[0.298s] Level 5:colcon.colcon_core.verb:set package 'cube_localizer' build argument 'catkin_cmake_args' from command line to 'None'
[0.298s] Level 5:colcon.colcon_core.verb:set package 'cube_localizer' build argument 'catkin_skip_building_tests' from command line to 'False'
[0.299s] DEBUG:colcon.colcon_core.verb:Building package 'cube_localizer' with the following arguments: {'ament_cmake_args': None, 'build_base': '/home/jg/ros_rlr/build/cube_localizer', 'catkin_cmake_args': None, 'catkin_skip_building_tests': False, 'cmake_args': None, 'cmake_clean_cache': False, 'cmake_clean_first': False, 'cmake_force_configure': False, 'cmake_target': None, 'cmake_target_skip_unavailable': False, 'install_base': '/home/jg/ros_rlr/install/cube_localizer', 'merge_install': False, 'path': '/home/jg/ros_rlr/src/cube_localizer', 'symlink_install': False, 'test_result_base': None}
[0.299s] INFO:colcon.colcon_core.executor:Executing jobs using 'parallel' executor
[0.300s] DEBUG:colcon.colcon_parallel_executor.executor.parallel:run_until_complete
[0.300s] INFO:colcon.colcon_ros.task.ament_python.build:Building ROS package in '/home/jg/ros_rlr/src/cube_localizer' with build type 'ament_python'
[0.300s] Level 1:colcon.colcon_core.shell:create_environment_hook('cube_localizer', 'ament_prefix_path')
[0.301s] INFO:colcon.colcon_core.plugin_system:Skipping extension 'colcon_core.shell.bat': Not used on non-Windows systems
[0.302s] INFO:colcon.colcon_core.shell:Creating environment hook '/home/jg/ros_rlr/install/cube_localizer/share/cube_localizer/hook/ament_prefix_path.ps1'
[0.302s] INFO:colcon.colcon_core.shell:Creating environment descriptor '/home/jg/ros_rlr/install/cube_localizer/share/cube_localizer/hook/ament_prefix_path.dsv'
[0.302s] INFO:colcon.colcon_core.shell:Creating environment hook '/home/jg/ros_rlr/install/cube_localizer/share/cube_localizer/hook/ament_prefix_path.sh'
[0.303s] INFO:colcon.colcon_core.shell:Skip shell extension 'powershell' for command environment: Not usable outside of PowerShell
[0.303s] DEBUG:colcon.colcon_core.shell:Skip shell extension 'dsv' for command environment
[0.519s] INFO:colcon.colcon_core.task.python.build:Building Python package in '/home/jg/ros_rlr/src/cube_localizer'
[0.519s] INFO:colcon.colcon_core.shell:Skip shell extension 'powershell' for command environment: Not usable outside of PowerShell
[0.519s] DEBUG:colcon.colcon_core.shell:Skip shell extension 'dsv' for command environment
[0.804s] DEBUG:colcon.colcon_core.event_handler.log_command:Invoking command in '/home/jg/ros_rlr/src/cube_localizer': AMENT_PREFIX_PATH=/home/jg/ros_rlr/install/sllidar_ros2:${AMENT_PREFIX_PATH} CMAKE_PREFIX_PATH=/home/jg/ros_rlr/install/sllidar_ros2:${CMAKE_PREFIX_PATH} PYTHONPATH=/home/jg/ros_rlr/build/cube_localizer/prefix_override:/usr/lib/python3/dist-packages/colcon_core/task/python/colcon_distutils_commands:/home/jg/ros_rlr/install/cube_localizer/lib/python3.10/site-packages:${PYTHONPATH} /usr/bin/python3 -W ignore:setup.py install is deprecated setup.py egg_info --egg-base ../../build/cube_localizer build --build-base /home/jg/ros_rlr/build/cube_localizer/build install --record /home/jg/ros_rlr/build/cube_localizer/install.log --single-version-externally-managed install_data
[1.058s] DEBUG:colcon.colcon_core.event_handler.log_command:Invoked command in '/home/jg/ros_rlr/src/cube_localizer' returned '0': AMENT_PREFIX_PATH=/home/jg/ros_rlr/install/sllidar_ros2:${AMENT_PREFIX_PATH} CMAKE_PREFIX_PATH=/home/jg/ros_rlr/install/sllidar_ros2:${CMAKE_PREFIX_PATH} PYTHONPATH=/home/jg/ros_rlr/build/cube_localizer/prefix_override:/usr/lib/python3/dist-packages/colcon_core/task/python/colcon_distutils_commands:/home/jg/ros_rlr/install/cube_localizer/lib/python3.10/site-packages:${PYTHONPATH} /usr/bin/python3 -W ignore:setup.py install is deprecated setup.py egg_info --egg-base ../../build/cube_localizer build --build-base /home/jg/ros_rlr/build/cube_localizer/build install --record /home/jg/ros_rlr/build/cube_localizer/install.log --single-version-externally-managed install_data
[1.059s] Level 1:colcon.colcon_core.environment:checking '/home/jg/ros_rlr/install/cube_localizer' for CMake module files
[1.060s] Level 1:colcon.colcon_core.environment:checking '/home/jg/ros_rlr/install/cube_localizer' for CMake config files
[1.060s] Level 1:colcon.colcon_core.environment:checking '/home/jg/ros_rlr/install/cube_localizer/lib'
[1.060s] Level 1:colcon.colcon_core.environment:checking '/home/jg/ros_rlr/install/cube_localizer/bin'
[1.060s] Level 1:colcon.colcon_core.environment:checking '/home/jg/ros_rlr/install/cube_localizer/lib/pkgconfig/cube_localizer.pc'
[1.060s] Level 1:colcon.colcon_core.environment:checking '/home/jg/ros_rlr/install/cube_localizer/lib/python3.10/site-packages'
[1.061s] Level 1:colcon.colcon_core.shell:create_environment_hook('cube_localizer', 'pythonpath')
[1.061s] INFO:colcon.colcon_core.shell:Creating environment hook '/home/jg/ros_rlr/install/cube_localizer/share/cube_localizer/hook/pythonpath.ps1'
[1.061s] INFO:colcon.colcon_core.shell:Creating environment descriptor '/home/jg/ros_rlr/install/cube_localizer/share/cube_localizer/hook/pythonpath.dsv'
[1.061s] INFO:colcon.colcon_core.shell:Creating environment hook '/home/jg/ros_rlr/install/cube_localizer/share/cube_localizer/hook/pythonpath.sh'
[1.062s] Level 1:colcon.colcon_core.environment:checking '/home/jg/ros_rlr/install/cube_localizer/bin'
[1.062s] Level 1:colcon.colcon_core.environment:create_environment_scripts_only(cube_localizer)
[1.062s] INFO:colcon.colcon_core.shell:Creating package script '/home/jg/ros_rlr/install/cube_localizer/share/cube_localizer/package.ps1'
[1.062s] INFO:colcon.colcon_core.shell:Creating package descriptor '/home/jg/ros_rlr/install/cube_localizer/share/cube_localizer/package.dsv'
[1.063s] INFO:colcon.colcon_core.shell:Creating package script '/home/jg/ros_rlr/install/cube_localizer/share/cube_localizer/package.sh'
[1.063s] INFO:colcon.colcon_core.shell:Creating package script '/home/jg/ros_rlr/install/cube_localizer/share/cube_localizer/package.bash'
[1.064s] INFO:colcon.colcon_core.shell:Creating package script '/home/jg/ros_rlr/install/cube_localizer/share/cube_localizer/package.zsh'
[1.064s] Level 1:colcon.colcon_core.environment:create_file_with_runtime_dependencies(/home/jg/ros_rlr/install/cube_localizer/share/colcon-core/packages/cube_localizer)
[1.064s] DEBUG:colcon.colcon_parallel_executor.executor.parallel:closing loop
[1.064s] DEBUG:colcon.colcon_parallel_executor.executor.parallel:loop closed
[1.065s] DEBUG:colcon.colcon_parallel_executor.executor.parallel:run_until_complete finished with '0'
[1.065s] DEBUG:colcon.colcon_core.event_reactor:joining thread
[1.068s] INFO:colcon.colcon_core.plugin_system:Skipping extension 'colcon_notification.desktop_notification.terminal_notifier': Not used on non-Darwin systems
[1.068s] INFO:colcon.colcon_core.plugin_system:Skipping extension 'colcon_notification.desktop_notification.win32': Not used on non-Windows systems
[1.068s] INFO:colcon.colcon_notification.desktop_notification:Sending desktop notification using 'notify2'
[1.079s] DEBUG:colcon.colcon_core.event_reactor:joined thread
[1.079s] INFO:colcon.colcon_core.shell:Creating prefix script '/home/jg/ros_rlr/install/local_setup.ps1'
[1.080s] INFO:colcon.colcon_core.shell:Creating prefix util module '/home/jg/ros_rlr/install/_local_setup_util_ps1.py'
[1.081s] INFO:colcon.colcon_core.shell:Creating prefix chain script '/home/jg/ros_rlr/install/setup.ps1'
[1.083s] INFO:colcon.colcon_core.shell:Creating prefix script '/home/jg/ros_rlr/install/local_setup.sh'
[1.083s] INFO:colcon.colcon_core.shell:Creating prefix util module '/home/jg/ros_rlr/install/_local_setup_util_sh.py'
[1.083s] INFO:colcon.colcon_core.shell:Creating prefix chain script '/home/jg/ros_rlr/install/setup.sh'
[1.085s] INFO:colcon.colcon_core.shell:Creating prefix script '/home/jg/ros_rlr/install/local_setup.bash'
[1.085s] INFO:colcon.colcon_core.shell:Creating prefix chain script '/home/jg/ros_rlr/install/setup.bash'
[1.087s] INFO:colcon.colcon_core.shell:Creating prefix script '/home/jg/ros_rlr/install/local_setup.zsh'
[1.088s] INFO:colcon.colcon_core.shell:Creating prefix chain script '/home/jg/ros_rlr/install/setup.zsh'
