[0.082s] DEBUG:colcon:Command line arguments: ['/usr/bin/colcon', 'build']
[0.082s] DEBUG:colcon:Parsed command line arguments: Namespace(log_base=None, log_level=None, verb_name='build', build_base='build', install_base='install', merge_install=False, symlink_install=False, test_result_base=None, continue_on_error=False, executor='parallel', parallel_workers=8, event_handlers=None, ignore_user_meta=False, metas=['./colcon.meta'], base_paths=['.'], packages_ignore=None, packages_ignore_regex=None, paths=None, packages_up_to=None, packages_up_to_regex=None, packages_above=None, packages_above_and_dependencies=None, packages_above_depth=None, packages_select_by_dep=None, packages_skip_by_dep=None, packages_skip_up_to=None, packages_select_build_failed=False, packages_skip_build_finished=False, packages_select_test_failures=False, packages_skip_test_passed=False, packages_select=None, packages_skip=None, packages_select_regex=None, packages_skip_regex=None, packages_start=None, packages_end=None, allow_overriding=[], cmake_args=None, cmake_target=None, cmake_target_skip_unavailable=False, cmake_clean_cache=False, cmake_clean_first=False, cmake_force_configure=False, ament_cmake_args=None, catkin_cmake_args=None, catkin_skip_building_tests=False, mixin_files=None, mixin=None, verb_parser=<colcon_mixin.mixin.mixin_argument.MixinArgumentDecorator object at 0x7f92fa2e6110>, verb_extension=<colcon_core.verb.build.BuildVerb object at 0x7f92fa3ed270>, main=<bound method BuildVerb.main of <colcon_core.verb.build.BuildVerb object at 0x7f92fa3ed270>>, mixin_verb=('build',))
[0.203s] Level 1:colcon.colcon_core.package_discovery:discover_packages(colcon_meta) check parameters
[0.204s] Level 1:colcon.colcon_core.package_discovery:discover_packages(recursive) check parameters
[0.204s] Level 1:colcon.colcon_core.package_discovery:discover_packages(ignore) check parameters
[0.204s] Level 1:colcon.colcon_core.package_discovery:discover_packages(path) check parameters
[0.204s] Level 1:colcon.colcon_core.package_discovery:discover_packages(colcon_meta) discover
[0.204s] Level 1:colcon.colcon_core.package_discovery:discover_packages(recursive) discover
[0.204s] INFO:colcon.colcon_core.package_discovery:Crawling recursively for packages in '/home/jg/ros_rlr'
[0.204s] Level 1:colcon.colcon_core.package_identification:_identify(.) by extensions ['ignore', 'ignore_ament_install']
[0.204s] Level 1:colcon.colcon_core.package_identification:_identify(.) by extension 'ignore'
[0.204s] Level 1:colcon.colcon_core.package_identification:_identify(.) by extension 'ignore_ament_install'
[0.204s] Level 1:colcon.colcon_core.package_identification:_identify(.) by extensions ['colcon_pkg']
[0.204s] Level 1:colcon.colcon_core.package_identification:_identify(.) by extension 'colcon_pkg'
[0.204s] Level 1:colcon.colcon_core.package_identification:_identify(.) by extensions ['colcon_meta']
[0.204s] Level 1:colcon.colcon_core.package_identification:_identify(.) by extension 'colcon_meta'
[0.204s] Level 1:colcon.colcon_core.package_identification:_identify(.) by extensions ['ros']
[0.204s] Level 1:colcon.colcon_core.package_identification:_identify(.) by extension 'ros'
[0.212s] Level 1:colcon.colcon_core.package_identification:_identify(.) by extensions ['cmake', 'python']
[0.213s] Level 1:colcon.colcon_core.package_identification:_identify(.) by extension 'cmake'
[0.213s] Level 1:colcon.colcon_core.package_identification:_identify(.) by extension 'python'
[0.213s] Level 1:colcon.colcon_core.package_identification:_identify(.) by extensions ['python_setup_py']
[0.213s] Level 1:colcon.colcon_core.package_identification:_identify(.) by extension 'python_setup_py'
[0.213s] Level 1:colcon.colcon_core.package_identification:_identify(build) by extensions ['ignore', 'ignore_ament_install']
[0.213s] Level 1:colcon.colcon_core.package_identification:_identify(build) by extension 'ignore'
[0.213s] Level 1:colcon.colcon_core.package_identification:_identify(build) ignored
[0.213s] Level 1:colcon.colcon_core.package_identification:_identify(install) by extensions ['ignore', 'ignore_ament_install']
[0.213s] Level 1:colcon.colcon_core.package_identification:_identify(install) by extension 'ignore'
[0.213s] Level 1:colcon.colcon_core.package_identification:_identify(install) ignored
[0.213s] Level 1:colcon.colcon_core.package_identification:_identify(log) by extensions ['ignore', 'ignore_ament_install']
[0.213s] Level 1:colcon.colcon_core.package_identification:_identify(log) by extension 'ignore'
[0.213s] Level 1:colcon.colcon_core.package_identification:_identify(log) ignored
[0.213s] Level 1:colcon.colcon_core.package_identification:_identify(src) by extensions ['ignore', 'ignore_ament_install']
[0.214s] Level 1:colcon.colcon_core.package_identification:_identify(src) by extension 'ignore'
[0.214s] Level 1:colcon.colcon_core.package_identification:_identify(src) by extension 'ignore_ament_install'
[0.214s] Level 1:colcon.colcon_core.package_identification:_identify(src) by extensions ['colcon_pkg']
[0.214s] Level 1:colcon.colcon_core.package_identification:_identify(src) by extension 'colcon_pkg'
[0.214s] Level 1:colcon.colcon_core.package_identification:_identify(src) by extensions ['colcon_meta']
[0.214s] Level 1:colcon.colcon_core.package_identification:_identify(src) by extension 'colcon_meta'
[0.214s] Level 1:colcon.colcon_core.package_identification:_identify(src) by extensions ['ros']
[0.214s] Level 1:colcon.colcon_core.package_identification:_identify(src) by extension 'ros'
[0.214s] Level 1:colcon.colcon_core.package_identification:_identify(src) by extensions ['cmake', 'python']
[0.214s] Level 1:colcon.colcon_core.package_identification:_identify(src) by extension 'cmake'
[0.214s] Level 1:colcon.colcon_core.package_identification:_identify(src) by extension 'python'
[0.214s] Level 1:colcon.colcon_core.package_identification:_identify(src) by extensions ['python_setup_py']
[0.214s] Level 1:colcon.colcon_core.package_identification:_identify(src) by extension 'python_setup_py'
[0.214s] Level 1:colcon.colcon_core.package_identification:_identify(src/cube_localizer) by extensions ['ignore', 'ignore_ament_install']
[0.214s] Level 1:colcon.colcon_core.package_identification:_identify(src/cube_localizer) by extension 'ignore'
[0.214s] Level 1:colcon.colcon_core.package_identification:_identify(src/cube_localizer) by extension 'ignore_ament_install'
[0.214s] Level 1:colcon.colcon_core.package_identification:_identify(src/cube_localizer) by extensions ['colcon_pkg']
[0.214s] Level 1:colcon.colcon_core.package_identification:_identify(src/cube_localizer) by extension 'colcon_pkg'
[0.214s] Level 1:colcon.colcon_core.package_identification:_identify(src/cube_localizer) by extensions ['colcon_meta']
[0.214s] Level 1:colcon.colcon_core.package_identification:_identify(src/cube_localizer) by extension 'colcon_meta'
[0.214s] Level 1:colcon.colcon_core.package_identification:_identify(src/cube_localizer) by extensions ['ros']
[0.214s] Level 1:colcon.colcon_core.package_identification:_identify(src/cube_localizer) by extension 'ros'
[0.216s] DEBUG:colcon.colcon_core.package_identification:Package 'src/cube_localizer' with type 'ros.ament_python' and name 'cube_localizer'
[0.216s] Level 1:colcon.colcon_core.package_identification:_identify(src/rplidar_ros2) by extensions ['ignore', 'ignore_ament_install']
[0.216s] Level 1:colcon.colcon_core.package_identification:_identify(src/rplidar_ros2) by extension 'ignore'
[0.217s] Level 1:colcon.colcon_core.package_identification:_identify(src/rplidar_ros2) by extension 'ignore_ament_install'
[0.217s] Level 1:colcon.colcon_core.package_identification:_identify(src/rplidar_ros2) by extensions ['colcon_pkg']
[0.217s] Level 1:colcon.colcon_core.package_identification:_identify(src/rplidar_ros2) by extension 'colcon_pkg'
[0.217s] Level 1:colcon.colcon_core.package_identification:_identify(src/rplidar_ros2) by extensions ['colcon_meta']
[0.217s] Level 1:colcon.colcon_core.package_identification:_identify(src/rplidar_ros2) by extension 'colcon_meta'
[0.217s] Level 1:colcon.colcon_core.package_identification:_identify(src/rplidar_ros2) by extensions ['ros']
[0.217s] Level 1:colcon.colcon_core.package_identification:_identify(src/rplidar_ros2) by extension 'ros'
[0.217s] DEBUG:colcon.colcon_core.package_identification:Package 'src/rplidar_ros2' with type 'ros.ament_cmake' and name 'rplidar_ros'
[0.217s] Level 1:colcon.colcon_core.package_discovery:discover_packages(recursive) using defaults
[0.217s] Level 1:colcon.colcon_core.package_discovery:discover_packages(ignore) discover
[0.217s] Level 1:colcon.colcon_core.package_discovery:discover_packages(ignore) using defaults
[0.217s] Level 1:colcon.colcon_core.package_discovery:discover_packages(path) discover
[0.217s] Level 1:colcon.colcon_core.package_discovery:discover_packages(path) using defaults
[0.245s] Level 1:colcon.colcon_core.package_discovery:discover_packages(prefix_path) check parameters
[0.245s] Level 1:colcon.colcon_core.package_discovery:discover_packages(prefix_path) discover
[0.247s] DEBUG:colcon.colcon_installed_package_information.package_discovery:Found 9 installed packages in /home/jg/linorobot2_ws/install
[0.247s] DEBUG:colcon.colcon_installed_package_information.package_discovery:Found 1 installed packages in /home/jg/sam_bot_description/install
[0.248s] DEBUG:colcon.colcon_installed_package_information.package_discovery:Found 2 installed packages in /home/jg/turtlebot3_ws/install
[0.248s] DEBUG:colcon.colcon_installed_package_information.package_discovery:Found 1 installed packages in /home/jg/pointcloud_ws/install
[0.249s] DEBUG:colcon.colcon_installed_package_information.package_discovery:Found 342 installed packages in /opt/ros/humble
[0.250s] Level 1:colcon.colcon_core.package_discovery:discover_packages(prefix_path) using defaults
[0.280s] Level 5:colcon.colcon_core.verb:set package 'cube_localizer' build argument 'cmake_args' from command line to 'None'
[0.281s] Level 5:colcon.colcon_core.verb:set package 'cube_localizer' build argument 'cmake_target' from command line to 'None'
[0.281s] Level 5:colcon.colcon_core.verb:set package 'cube_localizer' build argument 'cmake_target_skip_unavailable' from command line to 'False'
[0.281s] Level 5:colcon.colcon_core.verb:set package 'cube_localizer' build argument 'cmake_clean_cache' from command line to 'False'
[0.281s] Level 5:colcon.colcon_core.verb:set package 'cube_localizer' build argument 'cmake_clean_first' from command line to 'False'
[0.281s] Level 5:colcon.colcon_core.verb:set package 'cube_localizer' build argument 'cmake_force_configure' from command line to 'False'
[0.281s] Level 5:colcon.colcon_core.verb:set package 'cube_localizer' build argument 'ament_cmake_args' from command line to 'None'
[0.281s] Level 5:colcon.colcon_core.verb:set package 'cube_localizer' build argument 'catkin_cmake_args' from command line to 'None'
[0.281s] Level 5:colcon.colcon_core.verb:set package 'cube_localizer' build argument 'catkin_skip_building_tests' from command line to 'False'
[0.281s] DEBUG:colcon.colcon_core.verb:Building package 'cube_localizer' with the following arguments: {'ament_cmake_args': None, 'build_base': '/home/jg/ros_rlr/build/cube_localizer', 'catkin_cmake_args': None, 'catkin_skip_building_tests': False, 'cmake_args': None, 'cmake_clean_cache': False, 'cmake_clean_first': False, 'cmake_force_configure': False, 'cmake_target': None, 'cmake_target_skip_unavailable': False, 'install_base': '/home/jg/ros_rlr/install/cube_localizer', 'merge_install': False, 'path': '/home/jg/ros_rlr/src/cube_localizer', 'symlink_install': False, 'test_result_base': None}
[0.281s] Level 5:colcon.colcon_core.verb:set package 'rplidar_ros' build argument 'cmake_args' from command line to 'None'
[0.281s] Level 5:colcon.colcon_core.verb:set package 'rplidar_ros' build argument 'cmake_target' from command line to 'None'
[0.281s] Level 5:colcon.colcon_core.verb:set package 'rplidar_ros' build argument 'cmake_target_skip_unavailable' from command line to 'False'
[0.281s] Level 5:colcon.colcon_core.verb:set package 'rplidar_ros' build argument 'cmake_clean_cache' from command line to 'False'
[0.281s] Level 5:colcon.colcon_core.verb:set package 'rplidar_ros' build argument 'cmake_clean_first' from command line to 'False'
[0.281s] Level 5:colcon.colcon_core.verb:set package 'rplidar_ros' build argument 'cmake_force_configure' from command line to 'False'
[0.281s] Level 5:colcon.colcon_core.verb:set package 'rplidar_ros' build argument 'ament_cmake_args' from command line to 'None'
[0.281s] Level 5:colcon.colcon_core.verb:set package 'rplidar_ros' build argument 'catkin_cmake_args' from command line to 'None'
[0.281s] Level 5:colcon.colcon_core.verb:set package 'rplidar_ros' build argument 'catkin_skip_building_tests' from command line to 'False'
[0.281s] DEBUG:colcon.colcon_core.verb:Building package 'rplidar_ros' with the following arguments: {'ament_cmake_args': None, 'build_base': '/home/jg/ros_rlr/build/rplidar_ros', 'catkin_cmake_args': None, 'catkin_skip_building_tests': False, 'cmake_args': None, 'cmake_clean_cache': False, 'cmake_clean_first': False, 'cmake_force_configure': False, 'cmake_target': None, 'cmake_target_skip_unavailable': False, 'install_base': '/home/jg/ros_rlr/install/rplidar_ros', 'merge_install': False, 'path': '/home/jg/ros_rlr/src/rplidar_ros2', 'symlink_install': False, 'test_result_base': None}
[0.281s] INFO:colcon.colcon_core.executor:Executing jobs using 'parallel' executor
[0.282s] DEBUG:colcon.colcon_parallel_executor.executor.parallel:run_until_complete
[0.282s] INFO:colcon.colcon_ros.task.ament_python.build:Building ROS package in '/home/jg/ros_rlr/src/cube_localizer' with build type 'ament_python'
[0.282s] Level 1:colcon.colcon_core.shell:create_environment_hook('cube_localizer', 'ament_prefix_path')
[0.285s] INFO:colcon.colcon_core.plugin_system:Skipping extension 'colcon_core.shell.bat': Not used on non-Windows systems
[0.285s] INFO:colcon.colcon_core.shell:Creating environment hook '/home/jg/ros_rlr/install/cube_localizer/share/cube_localizer/hook/ament_prefix_path.ps1'
[0.286s] INFO:colcon.colcon_core.shell:Creating environment descriptor '/home/jg/ros_rlr/install/cube_localizer/share/cube_localizer/hook/ament_prefix_path.dsv'
[0.286s] INFO:colcon.colcon_core.shell:Creating environment hook '/home/jg/ros_rlr/install/cube_localizer/share/cube_localizer/hook/ament_prefix_path.sh'
[0.287s] INFO:colcon.colcon_core.shell:Skip shell extension 'powershell' for command environment: Not usable outside of PowerShell
[0.287s] DEBUG:colcon.colcon_core.shell:Skip shell extension 'dsv' for command environment
[0.290s] INFO:colcon.colcon_ros.task.ament_cmake.build:Building ROS package in '/home/jg/ros_rlr/src/rplidar_ros2' with build type 'ament_cmake'
[0.291s] INFO:colcon.colcon_cmake.task.cmake.build:Building CMake package in '/home/jg/ros_rlr/src/rplidar_ros2'
[0.291s] INFO:colcon.colcon_core.shell:Skip shell extension 'powershell' for command environment: Not usable outside of PowerShell
[0.291s] DEBUG:colcon.colcon_core.shell:Skip shell extension 'dsv' for command environment
[0.491s] INFO:colcon.colcon_core.task.python.build:Building Python package in '/home/jg/ros_rlr/src/cube_localizer'
[0.492s] INFO:colcon.colcon_core.shell:Skip shell extension 'powershell' for command environment: Not usable outside of PowerShell
[0.492s] DEBUG:colcon.colcon_core.shell:Skip shell extension 'dsv' for command environment
[0.498s] DEBUG:colcon.colcon_core.event_handler.log_command:Invoking command in '/home/jg/ros_rlr/build/rplidar_ros': CMAKE_PREFIX_PATH=${CMAKE_PREFIX_PATH}:/opt/ros/humble /usr/bin/cmake /home/jg/ros_rlr/src/rplidar_ros2 -DCMAKE_INSTALL_PREFIX=/home/jg/ros_rlr/install/rplidar_ros
[0.849s] DEBUG:colcon.colcon_core.event_handler.log_command:Invoking command in '/home/jg/ros_rlr/src/cube_localizer': PYTHONPATH=/home/jg/ros_rlr/build/cube_localizer/prefix_override:/home/jg/ros_rlr/install/cube_localizer/lib/python3.10/site-packages:${PYTHONPATH} /usr/bin/python3 -W ignore:setup.py install is deprecated setup.py egg_info --egg-base ../../build/cube_localizer build --build-base /home/jg/ros_rlr/build/cube_localizer/build install --record /home/jg/ros_rlr/build/cube_localizer/install.log --single-version-externally-managed install_data
[1.086s] DEBUG:colcon.colcon_core.event_handler.log_command:Invoked command in '/home/jg/ros_rlr/src/cube_localizer' returned '0': PYTHONPATH=/home/jg/ros_rlr/build/cube_localizer/prefix_override:/home/jg/ros_rlr/install/cube_localizer/lib/python3.10/site-packages:${PYTHONPATH} /usr/bin/python3 -W ignore:setup.py install is deprecated setup.py egg_info --egg-base ../../build/cube_localizer build --build-base /home/jg/ros_rlr/build/cube_localizer/build install --record /home/jg/ros_rlr/build/cube_localizer/install.log --single-version-externally-managed install_data
[1.088s] Level 1:colcon.colcon_core.environment:checking '/home/jg/ros_rlr/install/cube_localizer' for CMake module files
[1.088s] Level 1:colcon.colcon_core.environment:checking '/home/jg/ros_rlr/install/cube_localizer' for CMake config files
[1.089s] Level 1:colcon.colcon_core.environment:checking '/home/jg/ros_rlr/install/cube_localizer/lib'
[1.089s] Level 1:colcon.colcon_core.environment:checking '/home/jg/ros_rlr/install/cube_localizer/bin'
[1.089s] Level 1:colcon.colcon_core.environment:checking '/home/jg/ros_rlr/install/cube_localizer/lib/pkgconfig/cube_localizer.pc'
[1.089s] Level 1:colcon.colcon_core.environment:checking '/home/jg/ros_rlr/install/cube_localizer/lib/python3.10/site-packages'
[1.089s] Level 1:colcon.colcon_core.shell:create_environment_hook('cube_localizer', 'pythonpath')
[1.089s] INFO:colcon.colcon_core.shell:Creating environment hook '/home/jg/ros_rlr/install/cube_localizer/share/cube_localizer/hook/pythonpath.ps1'
[1.090s] INFO:colcon.colcon_core.shell:Creating environment descriptor '/home/jg/ros_rlr/install/cube_localizer/share/cube_localizer/hook/pythonpath.dsv'
[1.090s] INFO:colcon.colcon_core.shell:Creating environment hook '/home/jg/ros_rlr/install/cube_localizer/share/cube_localizer/hook/pythonpath.sh'
[1.090s] Level 1:colcon.colcon_core.environment:checking '/home/jg/ros_rlr/install/cube_localizer/bin'
[1.090s] Level 1:colcon.colcon_core.environment:create_environment_scripts_only(cube_localizer)
[1.091s] INFO:colcon.colcon_core.shell:Creating package script '/home/jg/ros_rlr/install/cube_localizer/share/cube_localizer/package.ps1'
[1.091s] INFO:colcon.colcon_core.shell:Creating package descriptor '/home/jg/ros_rlr/install/cube_localizer/share/cube_localizer/package.dsv'
[1.092s] INFO:colcon.colcon_core.shell:Creating package script '/home/jg/ros_rlr/install/cube_localizer/share/cube_localizer/package.sh'
[1.092s] INFO:colcon.colcon_core.shell:Creating package script '/home/jg/ros_rlr/install/cube_localizer/share/cube_localizer/package.bash'
[1.093s] INFO:colcon.colcon_core.shell:Creating package script '/home/jg/ros_rlr/install/cube_localizer/share/cube_localizer/package.zsh'
[1.094s] Level 1:colcon.colcon_core.environment:create_file_with_runtime_dependencies(/home/jg/ros_rlr/install/cube_localizer/share/colcon-core/packages/cube_localizer)
[1.690s] DEBUG:colcon.colcon_core.event_handler.log_command:Invoked command in '/home/jg/ros_rlr/build/rplidar_ros' returned '0': CMAKE_PREFIX_PATH=${CMAKE_PREFIX_PATH}:/opt/ros/humble /usr/bin/cmake /home/jg/ros_rlr/src/rplidar_ros2 -DCMAKE_INSTALL_PREFIX=/home/jg/ros_rlr/install/rplidar_ros
[1.692s] DEBUG:colcon.colcon_core.event_handler.log_command:Invoking command in '/home/jg/ros_rlr/build/rplidar_ros': CMAKE_PREFIX_PATH=${CMAKE_PREFIX_PATH}:/opt/ros/humble /usr/bin/cmake --build /home/jg/ros_rlr/build/rplidar_ros -- -j8 -l8
[8.949s] DEBUG:colcon.colcon_core.event_handler.log_command:Invoked command in '/home/jg/ros_rlr/build/rplidar_ros' returned '0': CMAKE_PREFIX_PATH=${CMAKE_PREFIX_PATH}:/opt/ros/humble /usr/bin/cmake --build /home/jg/ros_rlr/build/rplidar_ros -- -j8 -l8
[8.980s] DEBUG:colcon.colcon_core.event_handler.log_command:Invoking command in '/home/jg/ros_rlr/build/rplidar_ros': CMAKE_PREFIX_PATH=${CMAKE_PREFIX_PATH}:/opt/ros/humble /usr/bin/cmake --install /home/jg/ros_rlr/build/rplidar_ros
[8.991s] Level 1:colcon.colcon_core.environment:create_environment_scripts_only(rplidar_ros)
[8.991s] Level 1:colcon.colcon_core.environment:checking '/home/jg/ros_rlr/install/rplidar_ros' for CMake module files
[8.992s] DEBUG:colcon.colcon_core.event_handler.log_command:Invoked command in '/home/jg/ros_rlr/build/rplidar_ros' returned '0': CMAKE_PREFIX_PATH=${CMAKE_PREFIX_PATH}:/opt/ros/humble /usr/bin/cmake --install /home/jg/ros_rlr/build/rplidar_ros
[8.992s] Level 1:colcon.colcon_core.environment:checking '/home/jg/ros_rlr/install/rplidar_ros' for CMake config files
[8.992s] Level 1:colcon.colcon_core.shell:create_environment_hook('rplidar_ros', 'cmake_prefix_path')
[8.993s] INFO:colcon.colcon_core.shell:Creating environment hook '/home/jg/ros_rlr/install/rplidar_ros/share/rplidar_ros/hook/cmake_prefix_path.ps1'
[8.993s] INFO:colcon.colcon_core.shell:Creating environment descriptor '/home/jg/ros_rlr/install/rplidar_ros/share/rplidar_ros/hook/cmake_prefix_path.dsv'
[8.994s] INFO:colcon.colcon_core.shell:Creating environment hook '/home/jg/ros_rlr/install/rplidar_ros/share/rplidar_ros/hook/cmake_prefix_path.sh'
[8.994s] Level 1:colcon.colcon_core.environment:checking '/home/jg/ros_rlr/install/rplidar_ros/lib'
[8.994s] Level 1:colcon.colcon_core.shell:create_environment_hook('rplidar_ros', 'ld_library_path_lib')
[8.994s] INFO:colcon.colcon_core.shell:Creating environment hook '/home/jg/ros_rlr/install/rplidar_ros/share/rplidar_ros/hook/ld_library_path_lib.ps1'
[8.994s] INFO:colcon.colcon_core.shell:Creating environment descriptor '/home/jg/ros_rlr/install/rplidar_ros/share/rplidar_ros/hook/ld_library_path_lib.dsv'
[8.994s] INFO:colcon.colcon_core.shell:Creating environment hook '/home/jg/ros_rlr/install/rplidar_ros/share/rplidar_ros/hook/ld_library_path_lib.sh'
[8.995s] Level 1:colcon.colcon_core.environment:checking '/home/jg/ros_rlr/install/rplidar_ros/bin'
[8.995s] Level 1:colcon.colcon_core.environment:checking '/home/jg/ros_rlr/install/rplidar_ros/lib/pkgconfig/rplidar_ros.pc'
[8.995s] Level 1:colcon.colcon_core.environment:checking '/home/jg/ros_rlr/install/rplidar_ros/lib/python3.10/site-packages'
[8.995s] Level 1:colcon.colcon_core.environment:checking '/home/jg/ros_rlr/install/rplidar_ros/bin'
[8.995s] INFO:colcon.colcon_core.shell:Creating package script '/home/jg/ros_rlr/install/rplidar_ros/share/rplidar_ros/package.ps1'
[8.996s] INFO:colcon.colcon_core.shell:Creating package descriptor '/home/jg/ros_rlr/install/rplidar_ros/share/rplidar_ros/package.dsv'
[8.996s] INFO:colcon.colcon_core.shell:Creating package script '/home/jg/ros_rlr/install/rplidar_ros/share/rplidar_ros/package.sh'
[8.996s] INFO:colcon.colcon_core.shell:Creating package script '/home/jg/ros_rlr/install/rplidar_ros/share/rplidar_ros/package.bash'
[8.996s] INFO:colcon.colcon_core.shell:Creating package script '/home/jg/ros_rlr/install/rplidar_ros/share/rplidar_ros/package.zsh'
[8.996s] Level 1:colcon.colcon_core.environment:create_file_with_runtime_dependencies(/home/jg/ros_rlr/install/rplidar_ros/share/colcon-core/packages/rplidar_ros)
[9.024s] Level 1:colcon.colcon_core.environment:create_environment_scripts_only(rplidar_ros)
[9.024s] Level 1:colcon.colcon_core.environment:checking '/home/jg/ros_rlr/install/rplidar_ros' for CMake module files
[9.024s] Level 1:colcon.colcon_core.environment:checking '/home/jg/ros_rlr/install/rplidar_ros' for CMake config files
[9.025s] Level 1:colcon.colcon_core.shell:create_environment_hook('rplidar_ros', 'cmake_prefix_path')
[9.025s] INFO:colcon.colcon_core.shell:Creating environment hook '/home/jg/ros_rlr/install/rplidar_ros/share/rplidar_ros/hook/cmake_prefix_path.ps1'
[9.025s] INFO:colcon.colcon_core.shell:Creating environment descriptor '/home/jg/ros_rlr/install/rplidar_ros/share/rplidar_ros/hook/cmake_prefix_path.dsv'
[9.025s] INFO:colcon.colcon_core.shell:Creating environment hook '/home/jg/ros_rlr/install/rplidar_ros/share/rplidar_ros/hook/cmake_prefix_path.sh'
[9.026s] Level 1:colcon.colcon_core.environment:checking '/home/jg/ros_rlr/install/rplidar_ros/lib'
[9.026s] Level 1:colcon.colcon_core.shell:create_environment_hook('rplidar_ros', 'ld_library_path_lib')
[9.026s] INFO:colcon.colcon_core.shell:Creating environment hook '/home/jg/ros_rlr/install/rplidar_ros/share/rplidar_ros/hook/ld_library_path_lib.ps1'
[9.026s] INFO:colcon.colcon_core.shell:Creating environment descriptor '/home/jg/ros_rlr/install/rplidar_ros/share/rplidar_ros/hook/ld_library_path_lib.dsv'
[9.027s] INFO:colcon.colcon_core.shell:Creating environment hook '/home/jg/ros_rlr/install/rplidar_ros/share/rplidar_ros/hook/ld_library_path_lib.sh'
[9.027s] Level 1:colcon.colcon_core.environment:checking '/home/jg/ros_rlr/install/rplidar_ros/bin'
[9.027s] Level 1:colcon.colcon_core.environment:checking '/home/jg/ros_rlr/install/rplidar_ros/lib/pkgconfig/rplidar_ros.pc'
[9.027s] Level 1:colcon.colcon_core.environment:checking '/home/jg/ros_rlr/install/rplidar_ros/lib/python3.10/site-packages'
[9.027s] Level 1:colcon.colcon_core.environment:checking '/home/jg/ros_rlr/install/rplidar_ros/bin'
[9.027s] INFO:colcon.colcon_core.shell:Creating package script '/home/jg/ros_rlr/install/rplidar_ros/share/rplidar_ros/package.ps1'
[9.028s] INFO:colcon.colcon_core.shell:Creating package descriptor '/home/jg/ros_rlr/install/rplidar_ros/share/rplidar_ros/package.dsv'
[9.028s] INFO:colcon.colcon_core.shell:Creating package script '/home/jg/ros_rlr/install/rplidar_ros/share/rplidar_ros/package.sh'
[9.028s] INFO:colcon.colcon_core.shell:Creating package script '/home/jg/ros_rlr/install/rplidar_ros/share/rplidar_ros/package.bash'
[9.029s] INFO:colcon.colcon_core.shell:Creating package script '/home/jg/ros_rlr/install/rplidar_ros/share/rplidar_ros/package.zsh'
[9.029s] Level 1:colcon.colcon_core.environment:create_file_with_runtime_dependencies(/home/jg/ros_rlr/install/rplidar_ros/share/colcon-core/packages/rplidar_ros)
[9.029s] DEBUG:colcon.colcon_parallel_executor.executor.parallel:closing loop
[9.029s] DEBUG:colcon.colcon_parallel_executor.executor.parallel:loop closed
[9.029s] DEBUG:colcon.colcon_parallel_executor.executor.parallel:run_until_complete finished with '0'
[9.030s] DEBUG:colcon.colcon_core.event_reactor:joining thread
[9.034s] INFO:colcon.colcon_core.plugin_system:Skipping extension 'colcon_notification.desktop_notification.terminal_notifier': Not used on non-Darwin systems
[9.034s] INFO:colcon.colcon_core.plugin_system:Skipping extension 'colcon_notification.desktop_notification.win32': Not used on non-Windows systems
[9.034s] INFO:colcon.colcon_notification.desktop_notification:Sending desktop notification using 'notify2'
[9.044s] DEBUG:colcon.colcon_core.event_reactor:joined thread
[9.044s] INFO:colcon.colcon_core.shell:Creating prefix script '/home/jg/ros_rlr/install/local_setup.ps1'
[9.045s] INFO:colcon.colcon_core.shell:Creating prefix util module '/home/jg/ros_rlr/install/_local_setup_util_ps1.py'
[9.047s] INFO:colcon.colcon_core.shell:Creating prefix chain script '/home/jg/ros_rlr/install/setup.ps1'
[9.049s] INFO:colcon.colcon_core.shell:Creating prefix script '/home/jg/ros_rlr/install/local_setup.sh'
[9.049s] INFO:colcon.colcon_core.shell:Creating prefix util module '/home/jg/ros_rlr/install/_local_setup_util_sh.py'
[9.049s] INFO:colcon.colcon_core.shell:Creating prefix chain script '/home/jg/ros_rlr/install/setup.sh'
[9.050s] INFO:colcon.colcon_core.shell:Creating prefix script '/home/jg/ros_rlr/install/local_setup.bash'
[9.051s] INFO:colcon.colcon_core.shell:Creating prefix chain script '/home/jg/ros_rlr/install/setup.bash'
[9.052s] INFO:colcon.colcon_core.shell:Creating prefix script '/home/jg/ros_rlr/install/local_setup.zsh'
[9.053s] INFO:colcon.colcon_core.shell:Creating prefix chain script '/home/jg/ros_rlr/install/setup.zsh'
