[0.071s] DEBUG:colcon:Command line arguments: ['/usr/bin/colcon', 'build']
[0.071s] DEBUG:colcon:Parsed command line arguments: Namespace(log_base=None, log_level=None, verb_name='build', build_base='build', install_base='install', merge_install=False, symlink_install=False, test_result_base=None, continue_on_error=False, executor='parallel', parallel_workers=8, event_handlers=None, ignore_user_meta=False, metas=['./colcon.meta'], base_paths=['.'], packages_ignore=None, packages_ignore_regex=None, paths=None, packages_up_to=None, packages_up_to_regex=None, packages_above=None, packages_above_and_dependencies=None, packages_above_depth=None, packages_select_by_dep=None, packages_skip_by_dep=None, packages_skip_up_to=None, packages_select_build_failed=False, packages_skip_build_finished=False, packages_select_test_failures=False, packages_skip_test_passed=False, packages_select=None, packages_skip=None, packages_select_regex=None, packages_skip_regex=None, packages_start=None, packages_end=None, allow_overriding=[], cmake_args=None, cmake_target=None, cmake_target_skip_unavailable=False, cmake_clean_cache=False, cmake_clean_first=False, cmake_force_configure=False, ament_cmake_args=None, catkin_cmake_args=None, catkin_skip_building_tests=False, mixin_files=None, mixin=None, verb_parser=<colcon_mixin.mixin.mixin_argument.MixinArgumentDecorator object at 0x7fb8d5f1a110>, verb_extension=<colcon_core.verb.build.BuildVerb object at 0x7fb8d6021270>, main=<bound method BuildVerb.main of <colcon_core.verb.build.BuildVerb object at 0x7fb8d6021270>>, mixin_verb=('build',))
[0.180s] Level 1:colcon.colcon_core.package_discovery:discover_packages(colcon_meta) check parameters
[0.180s] Level 1:colcon.colcon_core.package_discovery:discover_packages(recursive) check parameters
[0.180s] Level 1:colcon.colcon_core.package_discovery:discover_packages(ignore) check parameters
[0.180s] Level 1:colcon.colcon_core.package_discovery:discover_packages(path) check parameters
[0.180s] Level 1:colcon.colcon_core.package_discovery:discover_packages(colcon_meta) discover
[0.180s] Level 1:colcon.colcon_core.package_discovery:discover_packages(recursive) discover
[0.180s] INFO:colcon.colcon_core.package_discovery:Crawling recursively for packages in '/home/jg/ros_rlr'
[0.180s] Level 1:colcon.colcon_core.package_identification:_identify(.) by extensions ['ignore', 'ignore_ament_install']
[0.180s] Level 1:colcon.colcon_core.package_identification:_identify(.) by extension 'ignore'
[0.180s] Level 1:colcon.colcon_core.package_identification:_identify(.) by extension 'ignore_ament_install'
[0.180s] Level 1:colcon.colcon_core.package_identification:_identify(.) by extensions ['colcon_pkg']
[0.181s] Level 1:colcon.colcon_core.package_identification:_identify(.) by extension 'colcon_pkg'
[0.181s] Level 1:colcon.colcon_core.package_identification:_identify(.) by extensions ['colcon_meta']
[0.181s] Level 1:colcon.colcon_core.package_identification:_identify(.) by extension 'colcon_meta'
[0.181s] Level 1:colcon.colcon_core.package_identification:_identify(.) by extensions ['ros']
[0.181s] Level 1:colcon.colcon_core.package_identification:_identify(.) by extension 'ros'
[0.188s] Level 1:colcon.colcon_core.package_identification:_identify(.) by extensions ['cmake', 'python']
[0.188s] Level 1:colcon.colcon_core.package_identification:_identify(.) by extension 'cmake'
[0.188s] Level 1:colcon.colcon_core.package_identification:_identify(.) by extension 'python'
[0.188s] Level 1:colcon.colcon_core.package_identification:_identify(.) by extensions ['python_setup_py']
[0.188s] Level 1:colcon.colcon_core.package_identification:_identify(.) by extension 'python_setup_py'
[0.188s] Level 1:colcon.colcon_core.package_identification:_identify(build) by extensions ['ignore', 'ignore_ament_install']
[0.188s] Level 1:colcon.colcon_core.package_identification:_identify(build) by extension 'ignore'
[0.188s] Level 1:colcon.colcon_core.package_identification:_identify(build) ignored
[0.188s] Level 1:colcon.colcon_core.package_identification:_identify(install) by extensions ['ignore', 'ignore_ament_install']
[0.189s] Level 1:colcon.colcon_core.package_identification:_identify(install) by extension 'ignore'
[0.189s] Level 1:colcon.colcon_core.package_identification:_identify(install) ignored
[0.189s] Level 1:colcon.colcon_core.package_identification:_identify(log) by extensions ['ignore', 'ignore_ament_install']
[0.189s] Level 1:colcon.colcon_core.package_identification:_identify(log) by extension 'ignore'
[0.189s] Level 1:colcon.colcon_core.package_identification:_identify(log) ignored
[0.189s] Level 1:colcon.colcon_core.package_identification:_identify(src) by extensions ['ignore', 'ignore_ament_install']
[0.189s] Level 1:colcon.colcon_core.package_identification:_identify(src) by extension 'ignore'
[0.189s] Level 1:colcon.colcon_core.package_identification:_identify(src) by extension 'ignore_ament_install'
[0.189s] Level 1:colcon.colcon_core.package_identification:_identify(src) by extensions ['colcon_pkg']
[0.189s] Level 1:colcon.colcon_core.package_identification:_identify(src) by extension 'colcon_pkg'
[0.189s] Level 1:colcon.colcon_core.package_identification:_identify(src) by extensions ['colcon_meta']
[0.189s] Level 1:colcon.colcon_core.package_identification:_identify(src) by extension 'colcon_meta'
[0.189s] Level 1:colcon.colcon_core.package_identification:_identify(src) by extensions ['ros']
[0.189s] Level 1:colcon.colcon_core.package_identification:_identify(src) by extension 'ros'
[0.189s] Level 1:colcon.colcon_core.package_identification:_identify(src) by extensions ['cmake', 'python']
[0.189s] Level 1:colcon.colcon_core.package_identification:_identify(src) by extension 'cmake'
[0.189s] Level 1:colcon.colcon_core.package_identification:_identify(src) by extension 'python'
[0.190s] Level 1:colcon.colcon_core.package_identification:_identify(src) by extensions ['python_setup_py']
[0.190s] Level 1:colcon.colcon_core.package_identification:_identify(src) by extension 'python_setup_py'
[0.190s] Level 1:colcon.colcon_core.package_identification:_identify(src/cube_localizer) by extensions ['ignore', 'ignore_ament_install']
[0.190s] Level 1:colcon.colcon_core.package_identification:_identify(src/cube_localizer) by extension 'ignore'
[0.190s] Level 1:colcon.colcon_core.package_identification:_identify(src/cube_localizer) by extension 'ignore_ament_install'
[0.190s] Level 1:colcon.colcon_core.package_identification:_identify(src/cube_localizer) by extensions ['colcon_pkg']
[0.190s] Level 1:colcon.colcon_core.package_identification:_identify(src/cube_localizer) by extension 'colcon_pkg'
[0.190s] Level 1:colcon.colcon_core.package_identification:_identify(src/cube_localizer) by extensions ['colcon_meta']
[0.190s] Level 1:colcon.colcon_core.package_identification:_identify(src/cube_localizer) by extension 'colcon_meta'
[0.190s] Level 1:colcon.colcon_core.package_identification:_identify(src/cube_localizer) by extensions ['ros']
[0.190s] Level 1:colcon.colcon_core.package_identification:_identify(src/cube_localizer) by extension 'ros'
[0.192s] DEBUG:colcon.colcon_core.package_identification:Package 'src/cube_localizer' with type 'ros.ament_python' and name 'cube_localizer'
[0.192s] Level 1:colcon.colcon_core.package_identification:_identify(src/rplidar_ros2) by extensions ['ignore', 'ignore_ament_install']
[0.192s] Level 1:colcon.colcon_core.package_identification:_identify(src/rplidar_ros2) by extension 'ignore'
[0.192s] Level 1:colcon.colcon_core.package_identification:_identify(src/rplidar_ros2) by extension 'ignore_ament_install'
[0.192s] Level 1:colcon.colcon_core.package_identification:_identify(src/rplidar_ros2) by extensions ['colcon_pkg']
[0.192s] Level 1:colcon.colcon_core.package_identification:_identify(src/rplidar_ros2) by extension 'colcon_pkg'
[0.192s] Level 1:colcon.colcon_core.package_identification:_identify(src/rplidar_ros2) by extensions ['colcon_meta']
[0.192s] Level 1:colcon.colcon_core.package_identification:_identify(src/rplidar_ros2) by extension 'colcon_meta'
[0.192s] Level 1:colcon.colcon_core.package_identification:_identify(src/rplidar_ros2) by extensions ['ros']
[0.192s] Level 1:colcon.colcon_core.package_identification:_identify(src/rplidar_ros2) by extension 'ros'
[0.193s] DEBUG:colcon.colcon_core.package_identification:Package 'src/rplidar_ros2' with type 'ros.ament_cmake' and name 'rplidar_ros'
[0.193s] Level 1:colcon.colcon_core.package_discovery:discover_packages(recursive) using defaults
[0.193s] Level 1:colcon.colcon_core.package_discovery:discover_packages(ignore) discover
[0.193s] Level 1:colcon.colcon_core.package_discovery:discover_packages(ignore) using defaults
[0.193s] Level 1:colcon.colcon_core.package_discovery:discover_packages(path) discover
[0.193s] Level 1:colcon.colcon_core.package_discovery:discover_packages(path) using defaults
[0.215s] Level 1:colcon.colcon_core.package_discovery:discover_packages(prefix_path) check parameters
[0.215s] Level 1:colcon.colcon_core.package_discovery:discover_packages(prefix_path) discover
[0.217s] DEBUG:colcon.colcon_installed_package_information.package_discovery:Found 9 installed packages in /home/jg/linorobot2_ws/install
[0.217s] DEBUG:colcon.colcon_installed_package_information.package_discovery:Found 1 installed packages in /home/jg/sam_bot_description/install
[0.217s] DEBUG:colcon.colcon_installed_package_information.package_discovery:Found 2 installed packages in /home/jg/turtlebot3_ws/install
[0.218s] DEBUG:colcon.colcon_installed_package_information.package_discovery:Found 1 installed packages in /home/jg/pointcloud_ws/install
[0.219s] DEBUG:colcon.colcon_installed_package_information.package_discovery:Found 342 installed packages in /opt/ros/humble
[0.220s] Level 1:colcon.colcon_core.package_discovery:discover_packages(prefix_path) using defaults
[0.248s] Level 5:colcon.colcon_core.verb:set package 'rplidar_ros' build argument 'cmake_args' from command line to 'None'
[0.248s] Level 5:colcon.colcon_core.verb:set package 'rplidar_ros' build argument 'cmake_target' from command line to 'None'
[0.248s] Level 5:colcon.colcon_core.verb:set package 'rplidar_ros' build argument 'cmake_target_skip_unavailable' from command line to 'False'
[0.248s] Level 5:colcon.colcon_core.verb:set package 'rplidar_ros' build argument 'cmake_clean_cache' from command line to 'False'
[0.249s] Level 5:colcon.colcon_core.verb:set package 'rplidar_ros' build argument 'cmake_clean_first' from command line to 'False'
[0.249s] Level 5:colcon.colcon_core.verb:set package 'rplidar_ros' build argument 'cmake_force_configure' from command line to 'False'
[0.249s] Level 5:colcon.colcon_core.verb:set package 'rplidar_ros' build argument 'ament_cmake_args' from command line to 'None'
[0.249s] Level 5:colcon.colcon_core.verb:set package 'rplidar_ros' build argument 'catkin_cmake_args' from command line to 'None'
[0.249s] Level 5:colcon.colcon_core.verb:set package 'rplidar_ros' build argument 'catkin_skip_building_tests' from command line to 'False'
[0.249s] DEBUG:colcon.colcon_core.verb:Building package 'rplidar_ros' with the following arguments: {'ament_cmake_args': None, 'build_base': '/home/jg/ros_rlr/build/rplidar_ros', 'catkin_cmake_args': None, 'catkin_skip_building_tests': False, 'cmake_args': None, 'cmake_clean_cache': False, 'cmake_clean_first': False, 'cmake_force_configure': False, 'cmake_target': None, 'cmake_target_skip_unavailable': False, 'install_base': '/home/jg/ros_rlr/install/rplidar_ros', 'merge_install': False, 'path': '/home/jg/ros_rlr/src/rplidar_ros2', 'symlink_install': False, 'test_result_base': None}
[0.249s] Level 5:colcon.colcon_core.verb:set package 'cube_localizer' build argument 'cmake_args' from command line to 'None'
[0.249s] Level 5:colcon.colcon_core.verb:set package 'cube_localizer' build argument 'cmake_target' from command line to 'None'
[0.249s] Level 5:colcon.colcon_core.verb:set package 'cube_localizer' build argument 'cmake_target_skip_unavailable' from command line to 'False'
[0.249s] Level 5:colcon.colcon_core.verb:set package 'cube_localizer' build argument 'cmake_clean_cache' from command line to 'False'
[0.249s] Level 5:colcon.colcon_core.verb:set package 'cube_localizer' build argument 'cmake_clean_first' from command line to 'False'
[0.249s] Level 5:colcon.colcon_core.verb:set package 'cube_localizer' build argument 'cmake_force_configure' from command line to 'False'
[0.249s] Level 5:colcon.colcon_core.verb:set package 'cube_localizer' build argument 'ament_cmake_args' from command line to 'None'
[0.249s] Level 5:colcon.colcon_core.verb:set package 'cube_localizer' build argument 'catkin_cmake_args' from command line to 'None'
[0.249s] Level 5:colcon.colcon_core.verb:set package 'cube_localizer' build argument 'catkin_skip_building_tests' from command line to 'False'
[0.249s] DEBUG:colcon.colcon_core.verb:Building package 'cube_localizer' with the following arguments: {'ament_cmake_args': None, 'build_base': '/home/jg/ros_rlr/build/cube_localizer', 'catkin_cmake_args': None, 'catkin_skip_building_tests': False, 'cmake_args': None, 'cmake_clean_cache': False, 'cmake_clean_first': False, 'cmake_force_configure': False, 'cmake_target': None, 'cmake_target_skip_unavailable': False, 'install_base': '/home/jg/ros_rlr/install/cube_localizer', 'merge_install': False, 'path': '/home/jg/ros_rlr/src/cube_localizer', 'symlink_install': False, 'test_result_base': None}
[0.249s] INFO:colcon.colcon_core.executor:Executing jobs using 'parallel' executor
[0.250s] DEBUG:colcon.colcon_parallel_executor.executor.parallel:run_until_complete
[0.251s] INFO:colcon.colcon_ros.task.ament_cmake.build:Building ROS package in '/home/jg/ros_rlr/src/rplidar_ros2' with build type 'ament_cmake'
[0.251s] INFO:colcon.colcon_cmake.task.cmake.build:Building CMake package in '/home/jg/ros_rlr/src/rplidar_ros2'
[0.252s] INFO:colcon.colcon_core.plugin_system:Skipping extension 'colcon_core.shell.bat': Not used on non-Windows systems
[0.252s] INFO:colcon.colcon_core.shell:Skip shell extension 'powershell' for command environment: Not usable outside of PowerShell
[0.252s] DEBUG:colcon.colcon_core.shell:Skip shell extension 'dsv' for command environment
[0.260s] DEBUG:colcon.colcon_core.event_handler.log_command:Invoking command in '/home/jg/ros_rlr/build/rplidar_ros': CMAKE_PREFIX_PATH=${CMAKE_PREFIX_PATH}:/opt/ros/humble /usr/bin/cmake --build /home/jg/ros_rlr/build/rplidar_ros -- -j8 -l8
[0.352s] DEBUG:colcon.colcon_core.event_handler.log_command:Invoked command in '/home/jg/ros_rlr/build/rplidar_ros' returned '0': CMAKE_PREFIX_PATH=${CMAKE_PREFIX_PATH}:/opt/ros/humble /usr/bin/cmake --build /home/jg/ros_rlr/build/rplidar_ros -- -j8 -l8
[0.388s] DEBUG:colcon.colcon_core.event_handler.log_command:Invoking command in '/home/jg/ros_rlr/build/rplidar_ros': CMAKE_PREFIX_PATH=${CMAKE_PREFIX_PATH}:/opt/ros/humble /usr/bin/cmake --install /home/jg/ros_rlr/build/rplidar_ros
[0.395s] Level 1:colcon.colcon_core.environment:create_environment_scripts_only(rplidar_ros)
[0.396s] DEBUG:colcon.colcon_core.event_handler.log_command:Invoked command in '/home/jg/ros_rlr/build/rplidar_ros' returned '0': CMAKE_PREFIX_PATH=${CMAKE_PREFIX_PATH}:/opt/ros/humble /usr/bin/cmake --install /home/jg/ros_rlr/build/rplidar_ros
[0.397s] Level 1:colcon.colcon_core.environment:checking '/home/jg/ros_rlr/install/rplidar_ros' for CMake module files
[0.397s] Level 1:colcon.colcon_core.environment:checking '/home/jg/ros_rlr/install/rplidar_ros' for CMake config files
[0.398s] Level 1:colcon.colcon_core.shell:create_environment_hook('rplidar_ros', 'cmake_prefix_path')
[0.398s] INFO:colcon.colcon_core.shell:Creating environment hook '/home/jg/ros_rlr/install/rplidar_ros/share/rplidar_ros/hook/cmake_prefix_path.ps1'
[0.398s] INFO:colcon.colcon_core.shell:Creating environment descriptor '/home/jg/ros_rlr/install/rplidar_ros/share/rplidar_ros/hook/cmake_prefix_path.dsv'
[0.399s] INFO:colcon.colcon_core.shell:Creating environment hook '/home/jg/ros_rlr/install/rplidar_ros/share/rplidar_ros/hook/cmake_prefix_path.sh'
[0.399s] Level 1:colcon.colcon_core.environment:checking '/home/jg/ros_rlr/install/rplidar_ros/lib'
[0.399s] Level 1:colcon.colcon_core.shell:create_environment_hook('rplidar_ros', 'ld_library_path_lib')
[0.399s] INFO:colcon.colcon_core.shell:Creating environment hook '/home/jg/ros_rlr/install/rplidar_ros/share/rplidar_ros/hook/ld_library_path_lib.ps1'
[0.400s] INFO:colcon.colcon_core.shell:Creating environment descriptor '/home/jg/ros_rlr/install/rplidar_ros/share/rplidar_ros/hook/ld_library_path_lib.dsv'
[0.400s] INFO:colcon.colcon_core.shell:Creating environment hook '/home/jg/ros_rlr/install/rplidar_ros/share/rplidar_ros/hook/ld_library_path_lib.sh'
[0.400s] Level 1:colcon.colcon_core.environment:checking '/home/jg/ros_rlr/install/rplidar_ros/bin'
[0.400s] Level 1:colcon.colcon_core.environment:checking '/home/jg/ros_rlr/install/rplidar_ros/lib/pkgconfig/rplidar_ros.pc'
[0.400s] Level 1:colcon.colcon_core.environment:checking '/home/jg/ros_rlr/install/rplidar_ros/lib/python3.10/site-packages'
[0.400s] Level 1:colcon.colcon_core.environment:checking '/home/jg/ros_rlr/install/rplidar_ros/bin'
[0.401s] INFO:colcon.colcon_core.shell:Creating package script '/home/jg/ros_rlr/install/rplidar_ros/share/rplidar_ros/package.ps1'
[0.401s] INFO:colcon.colcon_core.shell:Creating package descriptor '/home/jg/ros_rlr/install/rplidar_ros/share/rplidar_ros/package.dsv'
[0.402s] INFO:colcon.colcon_core.shell:Creating package script '/home/jg/ros_rlr/install/rplidar_ros/share/rplidar_ros/package.sh'
[0.402s] INFO:colcon.colcon_core.shell:Creating package script '/home/jg/ros_rlr/install/rplidar_ros/share/rplidar_ros/package.bash'
[0.403s] INFO:colcon.colcon_core.shell:Creating package script '/home/jg/ros_rlr/install/rplidar_ros/share/rplidar_ros/package.zsh'
[0.403s] Level 1:colcon.colcon_core.environment:create_file_with_runtime_dependencies(/home/jg/ros_rlr/install/rplidar_ros/share/colcon-core/packages/rplidar_ros)
[0.426s] Level 1:colcon.colcon_core.environment:create_environment_scripts_only(rplidar_ros)
[0.427s] Level 1:colcon.colcon_core.environment:checking '/home/jg/ros_rlr/install/rplidar_ros' for CMake module files
[0.427s] Level 1:colcon.colcon_core.environment:checking '/home/jg/ros_rlr/install/rplidar_ros' for CMake config files
[0.427s] Level 1:colcon.colcon_core.shell:create_environment_hook('rplidar_ros', 'cmake_prefix_path')
[0.427s] INFO:colcon.colcon_core.shell:Creating environment hook '/home/jg/ros_rlr/install/rplidar_ros/share/rplidar_ros/hook/cmake_prefix_path.ps1'
[0.428s] INFO:colcon.colcon_core.shell:Creating environment descriptor '/home/jg/ros_rlr/install/rplidar_ros/share/rplidar_ros/hook/cmake_prefix_path.dsv'
[0.428s] INFO:colcon.colcon_core.shell:Creating environment hook '/home/jg/ros_rlr/install/rplidar_ros/share/rplidar_ros/hook/cmake_prefix_path.sh'
[0.428s] Level 1:colcon.colcon_core.environment:checking '/home/jg/ros_rlr/install/rplidar_ros/lib'
[0.428s] Level 1:colcon.colcon_core.shell:create_environment_hook('rplidar_ros', 'ld_library_path_lib')
[0.428s] INFO:colcon.colcon_core.shell:Creating environment hook '/home/jg/ros_rlr/install/rplidar_ros/share/rplidar_ros/hook/ld_library_path_lib.ps1'
[0.429s] INFO:colcon.colcon_core.shell:Creating environment descriptor '/home/jg/ros_rlr/install/rplidar_ros/share/rplidar_ros/hook/ld_library_path_lib.dsv'
[0.429s] INFO:colcon.colcon_core.shell:Creating environment hook '/home/jg/ros_rlr/install/rplidar_ros/share/rplidar_ros/hook/ld_library_path_lib.sh'
[0.429s] Level 1:colcon.colcon_core.environment:checking '/home/jg/ros_rlr/install/rplidar_ros/bin'
[0.429s] Level 1:colcon.colcon_core.environment:checking '/home/jg/ros_rlr/install/rplidar_ros/lib/pkgconfig/rplidar_ros.pc'
[0.429s] Level 1:colcon.colcon_core.environment:checking '/home/jg/ros_rlr/install/rplidar_ros/lib/python3.10/site-packages'
[0.429s] Level 1:colcon.colcon_core.environment:checking '/home/jg/ros_rlr/install/rplidar_ros/bin'
[0.430s] INFO:colcon.colcon_core.shell:Creating package script '/home/jg/ros_rlr/install/rplidar_ros/share/rplidar_ros/package.ps1'
[0.430s] INFO:colcon.colcon_core.shell:Creating package descriptor '/home/jg/ros_rlr/install/rplidar_ros/share/rplidar_ros/package.dsv'
[0.430s] INFO:colcon.colcon_core.shell:Creating package script '/home/jg/ros_rlr/install/rplidar_ros/share/rplidar_ros/package.sh'
[0.431s] INFO:colcon.colcon_core.shell:Creating package script '/home/jg/ros_rlr/install/rplidar_ros/share/rplidar_ros/package.bash'
[0.431s] INFO:colcon.colcon_core.shell:Creating package script '/home/jg/ros_rlr/install/rplidar_ros/share/rplidar_ros/package.zsh'
[0.431s] Level 1:colcon.colcon_core.environment:create_file_with_runtime_dependencies(/home/jg/ros_rlr/install/rplidar_ros/share/colcon-core/packages/rplidar_ros)
[0.431s] INFO:colcon.colcon_ros.task.ament_python.build:Building ROS package in '/home/jg/ros_rlr/src/cube_localizer' with build type 'ament_python'
[0.431s] Level 1:colcon.colcon_core.shell:create_environment_hook('cube_localizer', 'ament_prefix_path')
[0.432s] INFO:colcon.colcon_core.shell:Creating environment hook '/home/jg/ros_rlr/install/cube_localizer/share/cube_localizer/hook/ament_prefix_path.ps1'
[0.432s] INFO:colcon.colcon_core.shell:Creating environment descriptor '/home/jg/ros_rlr/install/cube_localizer/share/cube_localizer/hook/ament_prefix_path.dsv'
[0.433s] INFO:colcon.colcon_core.shell:Creating environment hook '/home/jg/ros_rlr/install/cube_localizer/share/cube_localizer/hook/ament_prefix_path.sh'
[0.433s] INFO:colcon.colcon_core.shell:Skip shell extension 'powershell' for command environment: Not usable outside of PowerShell
[0.433s] DEBUG:colcon.colcon_core.shell:Skip shell extension 'dsv' for command environment
[0.603s] INFO:colcon.colcon_core.task.python.build:Building Python package in '/home/jg/ros_rlr/src/cube_localizer'
[0.603s] INFO:colcon.colcon_core.shell:Skip shell extension 'powershell' for command environment: Not usable outside of PowerShell
[0.603s] DEBUG:colcon.colcon_core.shell:Skip shell extension 'dsv' for command environment
[0.839s] DEBUG:colcon.colcon_core.event_handler.log_command:Invoking command in '/home/jg/ros_rlr/src/cube_localizer': AMENT_PREFIX_PATH=/home/jg/ros_rlr/install/rplidar_ros:${AMENT_PREFIX_PATH} CMAKE_PREFIX_PATH=/home/jg/ros_rlr/install/rplidar_ros:${CMAKE_PREFIX_PATH} LD_LIBRARY_PATH=/home/jg/ros_rlr/install/rplidar_ros/lib:${LD_LIBRARY_PATH} PYTHONPATH=/home/jg/ros_rlr/build/cube_localizer/prefix_override:/home/jg/ros_rlr/install/cube_localizer/lib/python3.10/site-packages:${PYTHONPATH} /usr/bin/python3 -W ignore:setup.py install is deprecated setup.py egg_info --egg-base ../../build/cube_localizer build --build-base /home/jg/ros_rlr/build/cube_localizer/build install --record /home/jg/ros_rlr/build/cube_localizer/install.log --single-version-externally-managed install_data
[1.031s] Level 1:colcon.colcon_core.environment:checking '/home/jg/ros_rlr/install/cube_localizer' for CMake module files
[1.032s] DEBUG:colcon.colcon_core.event_handler.log_command:Invoked command in '/home/jg/ros_rlr/src/cube_localizer' returned '0': AMENT_PREFIX_PATH=/home/jg/ros_rlr/install/rplidar_ros:${AMENT_PREFIX_PATH} CMAKE_PREFIX_PATH=/home/jg/ros_rlr/install/rplidar_ros:${CMAKE_PREFIX_PATH} LD_LIBRARY_PATH=/home/jg/ros_rlr/install/rplidar_ros/lib:${LD_LIBRARY_PATH} PYTHONPATH=/home/jg/ros_rlr/build/cube_localizer/prefix_override:/home/jg/ros_rlr/install/cube_localizer/lib/python3.10/site-packages:${PYTHONPATH} /usr/bin/python3 -W ignore:setup.py install is deprecated setup.py egg_info --egg-base ../../build/cube_localizer build --build-base /home/jg/ros_rlr/build/cube_localizer/build install --record /home/jg/ros_rlr/build/cube_localizer/install.log --single-version-externally-managed install_data
[1.032s] Level 1:colcon.colcon_core.environment:checking '/home/jg/ros_rlr/install/cube_localizer' for CMake config files
[1.033s] Level 1:colcon.colcon_core.environment:checking '/home/jg/ros_rlr/install/cube_localizer/lib'
[1.033s] Level 1:colcon.colcon_core.environment:checking '/home/jg/ros_rlr/install/cube_localizer/bin'
[1.033s] Level 1:colcon.colcon_core.environment:checking '/home/jg/ros_rlr/install/cube_localizer/lib/pkgconfig/cube_localizer.pc'
[1.033s] Level 1:colcon.colcon_core.environment:checking '/home/jg/ros_rlr/install/cube_localizer/lib/python3.10/site-packages'
[1.033s] Level 1:colcon.colcon_core.shell:create_environment_hook('cube_localizer', 'pythonpath')
[1.033s] INFO:colcon.colcon_core.shell:Creating environment hook '/home/jg/ros_rlr/install/cube_localizer/share/cube_localizer/hook/pythonpath.ps1'
[1.034s] INFO:colcon.colcon_core.shell:Creating environment descriptor '/home/jg/ros_rlr/install/cube_localizer/share/cube_localizer/hook/pythonpath.dsv'
[1.034s] INFO:colcon.colcon_core.shell:Creating environment hook '/home/jg/ros_rlr/install/cube_localizer/share/cube_localizer/hook/pythonpath.sh'
[1.034s] Level 1:colcon.colcon_core.environment:checking '/home/jg/ros_rlr/install/cube_localizer/bin'
[1.034s] Level 1:colcon.colcon_core.environment:create_environment_scripts_only(cube_localizer)
[1.034s] INFO:colcon.colcon_core.shell:Creating package script '/home/jg/ros_rlr/install/cube_localizer/share/cube_localizer/package.ps1'
[1.035s] INFO:colcon.colcon_core.shell:Creating package descriptor '/home/jg/ros_rlr/install/cube_localizer/share/cube_localizer/package.dsv'
[1.035s] INFO:colcon.colcon_core.shell:Creating package script '/home/jg/ros_rlr/install/cube_localizer/share/cube_localizer/package.sh'
[1.035s] INFO:colcon.colcon_core.shell:Creating package script '/home/jg/ros_rlr/install/cube_localizer/share/cube_localizer/package.bash'
[1.035s] INFO:colcon.colcon_core.shell:Creating package script '/home/jg/ros_rlr/install/cube_localizer/share/cube_localizer/package.zsh'
[1.036s] Level 1:colcon.colcon_core.environment:create_file_with_runtime_dependencies(/home/jg/ros_rlr/install/cube_localizer/share/colcon-core/packages/cube_localizer)
[1.036s] DEBUG:colcon.colcon_parallel_executor.executor.parallel:closing loop
[1.036s] DEBUG:colcon.colcon_parallel_executor.executor.parallel:loop closed
[1.036s] DEBUG:colcon.colcon_parallel_executor.executor.parallel:run_until_complete finished with '0'
[1.036s] DEBUG:colcon.colcon_core.event_reactor:joining thread
[1.040s] INFO:colcon.colcon_core.plugin_system:Skipping extension 'colcon_notification.desktop_notification.terminal_notifier': Not used on non-Darwin systems
[1.040s] INFO:colcon.colcon_core.plugin_system:Skipping extension 'colcon_notification.desktop_notification.win32': Not used on non-Windows systems
[1.040s] INFO:colcon.colcon_notification.desktop_notification:Sending desktop notification using 'notify2'
[1.048s] DEBUG:colcon.colcon_core.event_reactor:joined thread
[1.049s] INFO:colcon.colcon_core.shell:Creating prefix script '/home/jg/ros_rlr/install/local_setup.ps1'
[1.049s] INFO:colcon.colcon_core.shell:Creating prefix util module '/home/jg/ros_rlr/install/_local_setup_util_ps1.py'
[1.051s] INFO:colcon.colcon_core.shell:Creating prefix chain script '/home/jg/ros_rlr/install/setup.ps1'
[1.053s] INFO:colcon.colcon_core.shell:Creating prefix script '/home/jg/ros_rlr/install/local_setup.sh'
[1.053s] INFO:colcon.colcon_core.shell:Creating prefix util module '/home/jg/ros_rlr/install/_local_setup_util_sh.py'
[1.054s] INFO:colcon.colcon_core.shell:Creating prefix chain script '/home/jg/ros_rlr/install/setup.sh'
[1.055s] INFO:colcon.colcon_core.shell:Creating prefix script '/home/jg/ros_rlr/install/local_setup.bash'
[1.056s] INFO:colcon.colcon_core.shell:Creating prefix chain script '/home/jg/ros_rlr/install/setup.bash'
[1.058s] INFO:colcon.colcon_core.shell:Creating prefix script '/home/jg/ros_rlr/install/local_setup.zsh'
[1.058s] INFO:colcon.colcon_core.shell:Creating prefix chain script '/home/jg/ros_rlr/install/setup.zsh'
