[0.399s] Invoking command in '/home/jg/ros_rlr/src/cube_localizer': PYTHONPATH=/home/jg/ros_rlr/build/cube_localizer/prefix_override:/home/jg/ros_rlr/install/cube_localizer/lib/python3.10/site-packages:${PYTHONPATH} /usr/bin/python3 -W ignore:setup.py install is deprecated setup.py egg_info --egg-base ../../build/cube_localizer build --build-base /home/jg/ros_rlr/build/cube_localizer/build install --record /home/jg/ros_rlr/build/cube_localizer/install.log --single-version-externally-managed install_data
[0.548s] running egg_info
[0.549s] creating ../../build/cube_localizer/cube_localizer.egg-info
[0.549s] writing ../../build/cube_localizer/cube_localizer.egg-info/PKG-INFO
[0.549s] writing dependency_links to ../../build/cube_localizer/cube_localizer.egg-info/dependency_links.txt
[0.549s] writing entry points to ../../build/cube_localizer/cube_localizer.egg-info/entry_points.txt
[0.549s] writing requirements to ../../build/cube_localizer/cube_localizer.egg-info/requires.txt
[0.549s] writing top-level names to ../../build/cube_localizer/cube_localizer.egg-info/top_level.txt
[0.549s] writing manifest file '../../build/cube_localizer/cube_localizer.egg-info/SOURCES.txt'
[0.550s] reading manifest file '../../build/cube_localizer/cube_localizer.egg-info/SOURCES.txt'
[0.550s] writing manifest file '../../build/cube_localizer/cube_localizer.egg-info/SOURCES.txt'
[0.551s] running build
[0.551s] running build_py
[0.551s] creating /home/jg/ros_rlr/build/cube_localizer/build
[0.551s] creating /home/jg/ros_rlr/build/cube_localizer/build/lib
[0.551s] creating /home/jg/ros_rlr/build/cube_localizer/build/lib/cube_localizer
[0.551s] copying cube_localizer/cube_localizer.py -> /home/jg/ros_rlr/build/cube_localizer/build/lib/cube_localizer
[0.551s] copying cube_localizer/__init__.py -> /home/jg/ros_rlr/build/cube_localizer/build/lib/cube_localizer
[0.551s] running install
[0.551s] running install_lib
[0.552s] creating /home/jg/ros_rlr/install/cube_localizer/lib/python3.10/site-packages/cube_localizer
[0.552s] copying /home/jg/ros_rlr/build/cube_localizer/build/lib/cube_localizer/cube_localizer.py -> /home/jg/ros_rlr/install/cube_localizer/lib/python3.10/site-packages/cube_localizer
[0.552s] copying /home/jg/ros_rlr/build/cube_localizer/build/lib/cube_localizer/__init__.py -> /home/jg/ros_rlr/install/cube_localizer/lib/python3.10/site-packages/cube_localizer
[0.552s] byte-compiling /home/jg/ros_rlr/install/cube_localizer/lib/python3.10/site-packages/cube_localizer/cube_localizer.py to cube_localizer.cpython-310.pyc
[0.553s] byte-compiling /home/jg/ros_rlr/install/cube_localizer/lib/python3.10/site-packages/cube_localizer/__init__.py to __init__.cpython-310.pyc
[0.553s] running install_data
[0.553s] creating /home/jg/ros_rlr/install/cube_localizer/share/ament_index
[0.553s] creating /home/jg/ros_rlr/install/cube_localizer/share/ament_index/resource_index
[0.553s] creating /home/jg/ros_rlr/install/cube_localizer/share/ament_index/resource_index/packages
[0.553s] copying resource/cube_localizer -> /home/jg/ros_rlr/install/cube_localizer/share/ament_index/resource_index/packages
[0.553s] copying package.xml -> /home/jg/ros_rlr/install/cube_localizer/share/cube_localizer
[0.553s] running install_egg_info
[0.554s] Copying ../../build/cube_localizer/cube_localizer.egg-info to /home/jg/ros_rlr/install/cube_localizer/lib/python3.10/site-packages/cube_localizer-0.0.0-py3.10.egg-info
[0.554s] running install_scripts
[0.569s] Installing cube_localizer script to /home/jg/ros_rlr/install/cube_localizer/lib/cube_localizer
[0.569s] writing list of installed files to '/home/jg/ros_rlr/build/cube_localizer/install.log'
[0.587s] Invoked command in '/home/jg/ros_rlr/src/cube_localizer' returned '0': PYTHONPATH=/home/jg/ros_rlr/build/cube_localizer/prefix_override:/home/jg/ros_rlr/install/cube_localizer/lib/python3.10/site-packages:${PYTHONPATH} /usr/bin/python3 -W ignore:setup.py install is deprecated setup.py egg_info --egg-base ../../build/cube_localizer build --build-base /home/jg/ros_rlr/build/cube_localizer/build install --record /home/jg/ros_rlr/build/cube_localizer/install.log --single-version-externally-managed install_data
