[0.546s] Invoking command in '/home/jg/ros_rlr/src/pt_accumulator': PYTHONPATH=/home/jg/ros_rlr/build/pt_accumulator/prefix_override:/home/jg/ros_rlr/install/pt_accumulator/lib/python3.10/site-packages:${PYTHONPATH} /usr/bin/python3 -W ignore:setup.py install is deprecated setup.py egg_info --egg-base ../../build/pt_accumulator build --build-base /home/jg/ros_rlr/build/pt_accumulator/build install --record /home/jg/ros_rlr/build/pt_accumulator/install.log --single-version-externally-managed install_data
[0.743s] running egg_info
[0.744s] writing ../../build/pt_accumulator/pt_accumulator.egg-info/PKG-INFO
[0.745s] writing dependency_links to ../../build/pt_accumulator/pt_accumulator.egg-info/dependency_links.txt
[0.745s] writing entry points to ../../build/pt_accumulator/pt_accumulator.egg-info/entry_points.txt
[0.745s] writing requirements to ../../build/pt_accumulator/pt_accumulator.egg-info/requires.txt
[0.745s] writing top-level names to ../../build/pt_accumulator/pt_accumulator.egg-info/top_level.txt
[0.746s] reading manifest file '../../build/pt_accumulator/pt_accumulator.egg-info/SOURCES.txt'
[0.747s] writing manifest file '../../build/pt_accumulator/pt_accumulator.egg-info/SOURCES.txt'
[0.747s] running build
[0.747s] running build_py
[0.747s] running install
[0.747s] running install_lib
[0.748s] running install_data
[0.748s] running install_egg_info
[0.749s] removing '/home/jg/ros_rlr/install/pt_accumulator/lib/python3.10/site-packages/pt_accumulator-0.0.1-py3.10.egg-info' (and everything under it)
[0.749s] Copying ../../build/pt_accumulator/pt_accumulator.egg-info to /home/jg/ros_rlr/install/pt_accumulator/lib/python3.10/site-packages/pt_accumulator-0.0.1-py3.10.egg-info
[0.750s] running install_scripts
[0.766s] Installing pt_accumulator script to /home/jg/ros_rlr/install/pt_accumulator/lib/pt_accumulator
[0.767s] writing list of installed files to '/home/jg/ros_rlr/build/pt_accumulator/install.log'
[0.791s] Invoked command in '/home/jg/ros_rlr/src/pt_accumulator' returned '0': PYTHONPATH=/home/jg/ros_rlr/build/pt_accumulator/prefix_override:/home/jg/ros_rlr/install/pt_accumulator/lib/python3.10/site-packages:${PYTHONPATH} /usr/bin/python3 -W ignore:setup.py install is deprecated setup.py egg_info --egg-base ../../build/pt_accumulator build --build-base /home/jg/ros_rlr/build/pt_accumulator/build install --record /home/jg/ros_rlr/build/pt_accumulator/install.log --single-version-externally-managed install_data
