[0.521s] Invoking command in '/home/jg/ros_rlr/src/cube_localizer': AMENT_PREFIX_PATH=/home/jg/ros_rlr/install/sllidar_ros2:${AMENT_PREFIX_PATH} CMAKE_PREFIX_PATH=/home/jg/ros_rlr/install/sllidar_ros2:${CMAKE_PREFIX_PATH} PYTHONPATH=/home/jg/ros_rlr/build/cube_localizer/prefix_override:/home/jg/ros_rlr/install/cube_localizer/lib/python3.10/site-packages:${PYTHONPATH} /usr/bin/python3 -W ignore:setup.py install is deprecated setup.py egg_info --egg-base ../../build/cube_localizer build --build-base /home/jg/ros_rlr/build/cube_localizer/build install --record /home/jg/ros_rlr/build/cube_localizer/install.log --single-version-externally-managed install_data
[0.715s] running egg_info
[0.716s] writing ../../build/cube_localizer/cube_localizer.egg-info/PKG-INFO
[0.716s] writing dependency_links to ../../build/cube_localizer/cube_localizer.egg-info/dependency_links.txt
[0.716s] writing entry points to ../../build/cube_localizer/cube_localizer.egg-info/entry_points.txt
[0.716s] writing requirements to ../../build/cube_localizer/cube_localizer.egg-info/requires.txt
[0.716s] writing top-level names to ../../build/cube_localizer/cube_localizer.egg-info/top_level.txt
[0.717s] reading manifest file '../../build/cube_localizer/cube_localizer.egg-info/SOURCES.txt'
[0.718s] writing manifest file '../../build/cube_localizer/cube_localizer.egg-info/SOURCES.txt'
[0.718s] running build
[0.718s] running build_py
[0.718s] running install
[0.718s] running install_lib
[0.719s] running install_data
[0.719s] copying launch/cube_localizer.launch.py -> /home/jg/ros_rlr/install/cube_localizer/share/cube_localizer
[0.719s] running install_egg_info
[0.720s] removing '/home/jg/ros_rlr/install/cube_localizer/lib/python3.10/site-packages/cube_localizer-0.0.0-py3.10.egg-info' (and everything under it)
[0.721s] Copying ../../build/cube_localizer/cube_localizer.egg-info to /home/jg/ros_rlr/install/cube_localizer/lib/python3.10/site-packages/cube_localizer-0.0.0-py3.10.egg-info
[0.721s] running install_scripts
[0.740s] Installing cube_localizer script to /home/jg/ros_rlr/install/cube_localizer/lib/cube_localizer
[0.741s] writing list of installed files to '/home/jg/ros_rlr/build/cube_localizer/install.log'
[0.766s] Invoked command in '/home/jg/ros_rlr/src/cube_localizer' returned '0': AMENT_PREFIX_PATH=/home/jg/ros_rlr/install/sllidar_ros2:${AMENT_PREFIX_PATH} CMAKE_PREFIX_PATH=/home/jg/ros_rlr/install/sllidar_ros2:${CMAKE_PREFIX_PATH} PYTHONPATH=/home/jg/ros_rlr/build/cube_localizer/prefix_override:/home/jg/ros_rlr/install/cube_localizer/lib/python3.10/site-packages:${PYTHONPATH} /usr/bin/python3 -W ignore:setup.py install is deprecated setup.py egg_info --egg-base ../../build/cube_localizer build --build-base /home/jg/ros_rlr/build/cube_localizer/build install --record /home/jg/ros_rlr/build/cube_localizer/install.log --single-version-externally-managed install_data
