[0.090s] DEBUG:colcon:Command line arguments: ['/usr/bin/colcon', 'build']
[0.090s] DEBUG:colcon:Parsed command line arguments: Namespace(log_base=None, log_level=None, verb_name='build', build_base='build', install_base='install', merge_install=False, symlink_install=False, test_result_base=None, continue_on_error=False, executor='parallel', parallel_workers=8, event_handlers=None, ignore_user_meta=False, metas=['./colcon.meta'], base_paths=['.'], packages_ignore=None, packages_ignore_regex=None, paths=None, packages_up_to=None, packages_up_to_regex=None, packages_above=None, packages_above_and_dependencies=None, packages_above_depth=None, packages_select_by_dep=None, packages_skip_by_dep=None, packages_skip_up_to=None, packages_select_build_failed=False, packages_skip_build_finished=False, packages_select_test_failures=False, packages_skip_test_passed=False, packages_select=None, packages_skip=None, packages_select_regex=None, packages_skip_regex=None, packages_start=None, packages_end=None, allow_overriding=[], cmake_args=None, cmake_target=None, cmake_target_skip_unavailable=False, cmake_clean_cache=False, cmake_clean_first=False, cmake_force_configure=False, ament_cmake_args=None, catkin_cmake_args=None, catkin_skip_building_tests=False, mixin_files=None, mixin=None, verb_parser=<colcon_mixin.mixin.mixin_argument.MixinArgumentDecorator object at 0x7f5b398c6110>, verb_extension=<colcon_core.verb.build.BuildVerb object at 0x7f5b399da7a0>, main=<bound method BuildVerb.main of <colcon_core.verb.build.BuildVerb object at 0x7f5b399da7a0>>, mixin_verb=('build',))
[0.228s] Level 1:colcon.colcon_core.package_discovery:discover_packages(colcon_meta) check parameters
[0.228s] Level 1:colcon.colcon_core.package_discovery:discover_packages(recursive) check parameters
[0.228s] Level 1:colcon.colcon_core.package_discovery:discover_packages(ignore) check parameters
[0.228s] Level 1:colcon.colcon_core.package_discovery:discover_packages(path) check parameters
[0.228s] Level 1:colcon.colcon_core.package_discovery:discover_packages(colcon_meta) discover
[0.228s] Level 1:colcon.colcon_core.package_discovery:discover_packages(recursive) discover
[0.228s] INFO:colcon.colcon_core.package_discovery:Crawling recursively for packages in '/home/jg/ros_rlr'
[0.228s] Level 1:colcon.colcon_core.package_identification:_identify(.) by extensions ['ignore', 'ignore_ament_install']
[0.229s] Level 1:colcon.colcon_core.package_identification:_identify(.) by extension 'ignore'
[0.229s] Level 1:colcon.colcon_core.package_identification:_identify(.) by extension 'ignore_ament_install'
[0.229s] Level 1:colcon.colcon_core.package_identification:_identify(.) by extensions ['colcon_pkg']
[0.229s] Level 1:colcon.colcon_core.package_identification:_identify(.) by extension 'colcon_pkg'
[0.229s] Level 1:colcon.colcon_core.package_identification:_identify(.) by extensions ['colcon_meta']
[0.229s] Level 1:colcon.colcon_core.package_identification:_identify(.) by extension 'colcon_meta'
[0.229s] Level 1:colcon.colcon_core.package_identification:_identify(.) by extensions ['ros']
[0.229s] Level 1:colcon.colcon_core.package_identification:_identify(.) by extension 'ros'
[0.239s] Level 1:colcon.colcon_core.package_identification:_identify(.) by extensions ['cmake', 'python']
[0.239s] Level 1:colcon.colcon_core.package_identification:_identify(.) by extension 'cmake'
[0.239s] Level 1:colcon.colcon_core.package_identification:_identify(.) by extension 'python'
[0.239s] Level 1:colcon.colcon_core.package_identification:_identify(.) by extensions ['python_setup_py']
[0.239s] Level 1:colcon.colcon_core.package_identification:_identify(.) by extension 'python_setup_py'
[0.239s] Level 1:colcon.colcon_core.package_identification:_identify(build) by extensions ['ignore', 'ignore_ament_install']
[0.239s] Level 1:colcon.colcon_core.package_identification:_identify(build) by extension 'ignore'
[0.239s] Level 1:colcon.colcon_core.package_identification:_identify(build) ignored
[0.239s] Level 1:colcon.colcon_core.package_identification:_identify(install) by extensions ['ignore', 'ignore_ament_install']
[0.239s] Level 1:colcon.colcon_core.package_identification:_identify(install) by extension 'ignore'
[0.239s] Level 1:colcon.colcon_core.package_identification:_identify(install) ignored
[0.240s] Level 1:colcon.colcon_core.package_identification:_identify(log) by extensions ['ignore', 'ignore_ament_install']
[0.240s] Level 1:colcon.colcon_core.package_identification:_identify(log) by extension 'ignore'
[0.240s] Level 1:colcon.colcon_core.package_identification:_identify(log) ignored
[0.240s] Level 1:colcon.colcon_core.package_identification:_identify(src) by extensions ['ignore', 'ignore_ament_install']
[0.240s] Level 1:colcon.colcon_core.package_identification:_identify(src) by extension 'ignore'
[0.240s] Level 1:colcon.colcon_core.package_identification:_identify(src) by extension 'ignore_ament_install'
[0.240s] Level 1:colcon.colcon_core.package_identification:_identify(src) by extensions ['colcon_pkg']
[0.240s] Level 1:colcon.colcon_core.package_identification:_identify(src) by extension 'colcon_pkg'
[0.240s] Level 1:colcon.colcon_core.package_identification:_identify(src) by extensions ['colcon_meta']
[0.240s] Level 1:colcon.colcon_core.package_identification:_identify(src) by extension 'colcon_meta'
[0.240s] Level 1:colcon.colcon_core.package_identification:_identify(src) by extensions ['ros']
[0.240s] Level 1:colcon.colcon_core.package_identification:_identify(src) by extension 'ros'
[0.240s] Level 1:colcon.colcon_core.package_identification:_identify(src) by extensions ['cmake', 'python']
[0.240s] Level 1:colcon.colcon_core.package_identification:_identify(src) by extension 'cmake'
[0.240s] Level 1:colcon.colcon_core.package_identification:_identify(src) by extension 'python'
[0.240s] Level 1:colcon.colcon_core.package_identification:_identify(src) by extensions ['python_setup_py']
[0.240s] Level 1:colcon.colcon_core.package_identification:_identify(src) by extension 'python_setup_py'
[0.240s] Level 1:colcon.colcon_core.package_identification:_identify(src/cube_localizer) by extensions ['ignore', 'ignore_ament_install']
[0.240s] Level 1:colcon.colcon_core.package_identification:_identify(src/cube_localizer) by extension 'ignore'
[0.240s] Level 1:colcon.colcon_core.package_identification:_identify(src/cube_localizer) by extension 'ignore_ament_install'
[0.240s] Level 1:colcon.colcon_core.package_identification:_identify(src/cube_localizer) by extensions ['colcon_pkg']
[0.240s] Level 1:colcon.colcon_core.package_identification:_identify(src/cube_localizer) by extension 'colcon_pkg'
[0.240s] Level 1:colcon.colcon_core.package_identification:_identify(src/cube_localizer) by extensions ['colcon_meta']
[0.240s] Level 1:colcon.colcon_core.package_identification:_identify(src/cube_localizer) by extension 'colcon_meta'
[0.240s] Level 1:colcon.colcon_core.package_identification:_identify(src/cube_localizer) by extensions ['ros']
[0.240s] Level 1:colcon.colcon_core.package_identification:_identify(src/cube_localizer) by extension 'ros'
[0.242s] DEBUG:colcon.colcon_core.package_identification:Package 'src/cube_localizer' with type 'ros.ament_python' and name 'cube_localizer'
[0.243s] Level 1:colcon.colcon_core.package_identification:_identify(src/pt_accumulator) by extensions ['ignore', 'ignore_ament_install']
[0.243s] Level 1:colcon.colcon_core.package_identification:_identify(src/pt_accumulator) by extension 'ignore'
[0.243s] Level 1:colcon.colcon_core.package_identification:_identify(src/pt_accumulator) by extension 'ignore_ament_install'
[0.243s] Level 1:colcon.colcon_core.package_identification:_identify(src/pt_accumulator) by extensions ['colcon_pkg']
[0.243s] Level 1:colcon.colcon_core.package_identification:_identify(src/pt_accumulator) by extension 'colcon_pkg'
[0.243s] Level 1:colcon.colcon_core.package_identification:_identify(src/pt_accumulator) by extensions ['colcon_meta']
[0.243s] Level 1:colcon.colcon_core.package_identification:_identify(src/pt_accumulator) by extension 'colcon_meta'
[0.243s] Level 1:colcon.colcon_core.package_identification:_identify(src/pt_accumulator) by extensions ['ros']
[0.243s] Level 1:colcon.colcon_core.package_identification:_identify(src/pt_accumulator) by extension 'ros'
[0.244s] DEBUG:colcon.colcon_core.package_identification:Package 'src/pt_accumulator' with type 'ros.ament_python' and name 'pointcloud_accumulator'
[0.244s] Level 1:colcon.colcon_core.package_identification:_identify(src/rplidar_ros2) by extensions ['ignore', 'ignore_ament_install']
[0.244s] Level 1:colcon.colcon_core.package_identification:_identify(src/rplidar_ros2) by extension 'ignore'
[0.244s] Level 1:colcon.colcon_core.package_identification:_identify(src/rplidar_ros2) by extension 'ignore_ament_install'
[0.244s] Level 1:colcon.colcon_core.package_identification:_identify(src/rplidar_ros2) by extensions ['colcon_pkg']
[0.245s] Level 1:colcon.colcon_core.package_identification:_identify(src/rplidar_ros2) by extension 'colcon_pkg'
[0.245s] Level 1:colcon.colcon_core.package_identification:_identify(src/rplidar_ros2) by extensions ['colcon_meta']
[0.245s] Level 1:colcon.colcon_core.package_identification:_identify(src/rplidar_ros2) by extension 'colcon_meta'
[0.245s] Level 1:colcon.colcon_core.package_identification:_identify(src/rplidar_ros2) by extensions ['ros']
[0.245s] Level 1:colcon.colcon_core.package_identification:_identify(src/rplidar_ros2) by extension 'ros'
[0.245s] DEBUG:colcon.colcon_core.package_identification:Package 'src/rplidar_ros2' with type 'ros.ament_cmake' and name 'rplidar_ros'
[0.245s] Level 1:colcon.colcon_core.package_identification:_identify(src/sllidar_ros2) by extensions ['ignore', 'ignore_ament_install']
[0.246s] Level 1:colcon.colcon_core.package_identification:_identify(src/sllidar_ros2) by extension 'ignore'
[0.246s] Level 1:colcon.colcon_core.package_identification:_identify(src/sllidar_ros2) by extension 'ignore_ament_install'
[0.246s] Level 1:colcon.colcon_core.package_identification:_identify(src/sllidar_ros2) by extensions ['colcon_pkg']
[0.246s] Level 1:colcon.colcon_core.package_identification:_identify(src/sllidar_ros2) by extension 'colcon_pkg'
[0.246s] Level 1:colcon.colcon_core.package_identification:_identify(src/sllidar_ros2) by extensions ['colcon_meta']
[0.246s] Level 1:colcon.colcon_core.package_identification:_identify(src/sllidar_ros2) by extension 'colcon_meta'
[0.246s] Level 1:colcon.colcon_core.package_identification:_identify(src/sllidar_ros2) by extensions ['ros']
[0.246s] Level 1:colcon.colcon_core.package_identification:_identify(src/sllidar_ros2) by extension 'ros'
[0.246s] DEBUG:colcon.colcon_core.package_identification:Package 'src/sllidar_ros2' with type 'ros.ament_cmake' and name 'sllidar_ros2'
[0.246s] Level 1:colcon.colcon_core.package_discovery:discover_packages(recursive) using defaults
[0.246s] Level 1:colcon.colcon_core.package_discovery:discover_packages(ignore) discover
[0.246s] Level 1:colcon.colcon_core.package_discovery:discover_packages(ignore) using defaults
[0.246s] Level 1:colcon.colcon_core.package_discovery:discover_packages(path) discover
[0.246s] Level 1:colcon.colcon_core.package_discovery:discover_packages(path) using defaults
[0.274s] Level 1:colcon.colcon_core.package_discovery:discover_packages(prefix_path) check parameters
[0.274s] Level 1:colcon.colcon_core.package_discovery:discover_packages(prefix_path) discover
[0.276s] DEBUG:colcon.colcon_installed_package_information.package_discovery:Found 4 installed packages in /home/jg/ros_rlr/install
[0.276s] DEBUG:colcon.colcon_installed_package_information.package_discovery:Found 9 installed packages in /home/jg/linorobot2_ws/install
[0.277s] DEBUG:colcon.colcon_installed_package_information.package_discovery:Found 1 installed packages in /home/jg/sam_bot_description/install
[0.277s] DEBUG:colcon.colcon_installed_package_information.package_discovery:Found 2 installed packages in /home/jg/turtlebot3_ws/install
[0.277s] DEBUG:colcon.colcon_installed_package_information.package_discovery:Found 1 installed packages in /home/jg/pointcloud_ws/install
[0.278s] DEBUG:colcon.colcon_installed_package_information.package_discovery:Found 342 installed packages in /opt/ros/humble
[0.279s] Level 1:colcon.colcon_core.package_discovery:discover_packages(prefix_path) using defaults
[0.314s] Level 5:colcon.colcon_core.verb:set package 'pointcloud_accumulator' build argument 'cmake_args' from command line to 'None'
[0.314s] Level 5:colcon.colcon_core.verb:set package 'pointcloud_accumulator' build argument 'cmake_target' from command line to 'None'
[0.314s] Level 5:colcon.colcon_core.verb:set package 'pointcloud_accumulator' build argument 'cmake_target_skip_unavailable' from command line to 'False'
[0.314s] Level 5:colcon.colcon_core.verb:set package 'pointcloud_accumulator' build argument 'cmake_clean_cache' from command line to 'False'
[0.314s] Level 5:colcon.colcon_core.verb:set package 'pointcloud_accumulator' build argument 'cmake_clean_first' from command line to 'False'
[0.314s] Level 5:colcon.colcon_core.verb:set package 'pointcloud_accumulator' build argument 'cmake_force_configure' from command line to 'False'
[0.314s] Level 5:colcon.colcon_core.verb:set package 'pointcloud_accumulator' build argument 'ament_cmake_args' from command line to 'None'
[0.314s] Level 5:colcon.colcon_core.verb:set package 'pointcloud_accumulator' build argument 'catkin_cmake_args' from command line to 'None'
[0.314s] Level 5:colcon.colcon_core.verb:set package 'pointcloud_accumulator' build argument 'catkin_skip_building_tests' from command line to 'False'
[0.314s] DEBUG:colcon.colcon_core.verb:Building package 'pointcloud_accumulator' with the following arguments: {'ament_cmake_args': None, 'build_base': '/home/jg/ros_rlr/build/pointcloud_accumulator', 'catkin_cmake_args': None, 'catkin_skip_building_tests': False, 'cmake_args': None, 'cmake_clean_cache': False, 'cmake_clean_first': False, 'cmake_force_configure': False, 'cmake_target': None, 'cmake_target_skip_unavailable': False, 'install_base': '/home/jg/ros_rlr/install/pointcloud_accumulator', 'merge_install': False, 'path': '/home/jg/ros_rlr/src/pt_accumulator', 'symlink_install': False, 'test_result_base': None}
[0.314s] Level 5:colcon.colcon_core.verb:set package 'rplidar_ros' build argument 'cmake_args' from command line to 'None'
[0.314s] Level 5:colcon.colcon_core.verb:set package 'rplidar_ros' build argument 'cmake_target' from command line to 'None'
[0.314s] Level 5:colcon.colcon_core.verb:set package 'rplidar_ros' build argument 'cmake_target_skip_unavailable' from command line to 'False'
[0.314s] Level 5:colcon.colcon_core.verb:set package 'rplidar_ros' build argument 'cmake_clean_cache' from command line to 'False'
[0.315s] Level 5:colcon.colcon_core.verb:set package 'rplidar_ros' build argument 'cmake_clean_first' from command line to 'False'
[0.315s] Level 5:colcon.colcon_core.verb:set package 'rplidar_ros' build argument 'cmake_force_configure' from command line to 'False'
[0.315s] Level 5:colcon.colcon_core.verb:set package 'rplidar_ros' build argument 'ament_cmake_args' from command line to 'None'
[0.315s] Level 5:colcon.colcon_core.verb:set package 'rplidar_ros' build argument 'catkin_cmake_args' from command line to 'None'
[0.315s] Level 5:colcon.colcon_core.verb:set package 'rplidar_ros' build argument 'catkin_skip_building_tests' from command line to 'False'
[0.315s] DEBUG:colcon.colcon_core.verb:Building package 'rplidar_ros' with the following arguments: {'ament_cmake_args': None, 'build_base': '/home/jg/ros_rlr/build/rplidar_ros', 'catkin_cmake_args': None, 'catkin_skip_building_tests': False, 'cmake_args': None, 'cmake_clean_cache': False, 'cmake_clean_first': False, 'cmake_force_configure': False, 'cmake_target': None, 'cmake_target_skip_unavailable': False, 'install_base': '/home/jg/ros_rlr/install/rplidar_ros', 'merge_install': False, 'path': '/home/jg/ros_rlr/src/rplidar_ros2', 'symlink_install': False, 'test_result_base': None}
[0.315s] Level 5:colcon.colcon_core.verb:set package 'sllidar_ros2' build argument 'cmake_args' from command line to 'None'
[0.315s] Level 5:colcon.colcon_core.verb:set package 'sllidar_ros2' build argument 'cmake_target' from command line to 'None'
[0.315s] Level 5:colcon.colcon_core.verb:set package 'sllidar_ros2' build argument 'cmake_target_skip_unavailable' from command line to 'False'
[0.315s] Level 5:colcon.colcon_core.verb:set package 'sllidar_ros2' build argument 'cmake_clean_cache' from command line to 'False'
[0.315s] Level 5:colcon.colcon_core.verb:set package 'sllidar_ros2' build argument 'cmake_clean_first' from command line to 'False'
[0.315s] Level 5:colcon.colcon_core.verb:set package 'sllidar_ros2' build argument 'cmake_force_configure' from command line to 'False'
[0.315s] Level 5:colcon.colcon_core.verb:set package 'sllidar_ros2' build argument 'ament_cmake_args' from command line to 'None'
[0.315s] Level 5:colcon.colcon_core.verb:set package 'sllidar_ros2' build argument 'catkin_cmake_args' from command line to 'None'
[0.315s] Level 5:colcon.colcon_core.verb:set package 'sllidar_ros2' build argument 'catkin_skip_building_tests' from command line to 'False'
[0.315s] DEBUG:colcon.colcon_core.verb:Building package 'sllidar_ros2' with the following arguments: {'ament_cmake_args': None, 'build_base': '/home/jg/ros_rlr/build/sllidar_ros2', 'catkin_cmake_args': None, 'catkin_skip_building_tests': False, 'cmake_args': None, 'cmake_clean_cache': False, 'cmake_clean_first': False, 'cmake_force_configure': False, 'cmake_target': None, 'cmake_target_skip_unavailable': False, 'install_base': '/home/jg/ros_rlr/install/sllidar_ros2', 'merge_install': False, 'path': '/home/jg/ros_rlr/src/sllidar_ros2', 'symlink_install': False, 'test_result_base': None}
[0.315s] Level 5:colcon.colcon_core.verb:set package 'cube_localizer' build argument 'cmake_args' from command line to 'None'
[0.315s] Level 5:colcon.colcon_core.verb:set package 'cube_localizer' build argument 'cmake_target' from command line to 'None'
[0.315s] Level 5:colcon.colcon_core.verb:set package 'cube_localizer' build argument 'cmake_target_skip_unavailable' from command line to 'False'
[0.315s] Level 5:colcon.colcon_core.verb:set package 'cube_localizer' build argument 'cmake_clean_cache' from command line to 'False'
[0.315s] Level 5:colcon.colcon_core.verb:set package 'cube_localizer' build argument 'cmake_clean_first' from command line to 'False'
[0.315s] Level 5:colcon.colcon_core.verb:set package 'cube_localizer' build argument 'cmake_force_configure' from command line to 'False'
[0.315s] Level 5:colcon.colcon_core.verb:set package 'cube_localizer' build argument 'ament_cmake_args' from command line to 'None'
[0.315s] Level 5:colcon.colcon_core.verb:set package 'cube_localizer' build argument 'catkin_cmake_args' from command line to 'None'
[0.315s] Level 5:colcon.colcon_core.verb:set package 'cube_localizer' build argument 'catkin_skip_building_tests' from command line to 'False'
[0.316s] DEBUG:colcon.colcon_core.verb:Building package 'cube_localizer' with the following arguments: {'ament_cmake_args': None, 'build_base': '/home/jg/ros_rlr/build/cube_localizer', 'catkin_cmake_args': None, 'catkin_skip_building_tests': False, 'cmake_args': None, 'cmake_clean_cache': False, 'cmake_clean_first': False, 'cmake_force_configure': False, 'cmake_target': None, 'cmake_target_skip_unavailable': False, 'install_base': '/home/jg/ros_rlr/install/cube_localizer', 'merge_install': False, 'path': '/home/jg/ros_rlr/src/cube_localizer', 'symlink_install': False, 'test_result_base': None}
[0.316s] INFO:colcon.colcon_core.executor:Executing jobs using 'parallel' executor
[0.317s] DEBUG:colcon.colcon_parallel_executor.executor.parallel:run_until_complete
[0.317s] INFO:colcon.colcon_ros.task.ament_cmake.build:Building ROS package in '/home/jg/ros_rlr/src/sllidar_ros2' with build type 'ament_cmake'
[0.317s] INFO:colcon.colcon_cmake.task.cmake.build:Building CMake package in '/home/jg/ros_rlr/src/sllidar_ros2'
[0.318s] INFO:colcon.colcon_core.plugin_system:Skipping extension 'colcon_core.shell.bat': Not used on non-Windows systems
[0.319s] INFO:colcon.colcon_core.shell:Skip shell extension 'powershell' for command environment: Not usable outside of PowerShell
[0.319s] DEBUG:colcon.colcon_core.shell:Skip shell extension 'dsv' for command environment
[0.324s] INFO:colcon.colcon_ros.task.ament_python.build:Building ROS package in '/home/jg/ros_rlr/src/pt_accumulator' with build type 'ament_python'
[0.324s] Level 1:colcon.colcon_core.shell:create_environment_hook('pointcloud_accumulator', 'ament_prefix_path')
[0.324s] INFO:colcon.colcon_core.shell:Creating environment hook '/home/jg/ros_rlr/install/pointcloud_accumulator/share/pointcloud_accumulator/hook/ament_prefix_path.ps1'
[0.325s] INFO:colcon.colcon_core.shell:Creating environment descriptor '/home/jg/ros_rlr/install/pointcloud_accumulator/share/pointcloud_accumulator/hook/ament_prefix_path.dsv'
[0.325s] INFO:colcon.colcon_core.shell:Creating environment hook '/home/jg/ros_rlr/install/pointcloud_accumulator/share/pointcloud_accumulator/hook/ament_prefix_path.sh'
[0.326s] INFO:colcon.colcon_core.shell:Skip shell extension 'powershell' for command environment: Not usable outside of PowerShell
[0.326s] DEBUG:colcon.colcon_core.shell:Skip shell extension 'dsv' for command environment
[0.331s] INFO:colcon.colcon_ros.task.ament_cmake.build:Building ROS package in '/home/jg/ros_rlr/src/rplidar_ros2' with build type 'ament_cmake'
[0.331s] INFO:colcon.colcon_cmake.task.cmake.build:Building CMake package in '/home/jg/ros_rlr/src/rplidar_ros2'
[0.331s] INFO:colcon.colcon_core.shell:Skip shell extension 'powershell' for command environment: Not usable outside of PowerShell
[0.332s] DEBUG:colcon.colcon_core.shell:Skip shell extension 'dsv' for command environment
[0.338s] DEBUG:colcon.colcon_core.event_handler.log_command:Invoking command in '/home/jg/ros_rlr/build/sllidar_ros2': CMAKE_PREFIX_PATH=${CMAKE_PREFIX_PATH}:/home/jg/ros_rlr/install/cube_localizer:/opt/ros/humble /usr/bin/cmake --build /home/jg/ros_rlr/build/sllidar_ros2 -- -j8 -l8
[0.552s] WARNING:colcon.colcon_ros.task.ament_python.build:Package 'pointcloud_accumulator' doesn't explicitly install a marker in the package index (colcon-ros currently does it implicitly but that fallback will be removed in the future)
[0.552s] WARNING:colcon.colcon_ros.task.ament_python.build:Package 'pointcloud_accumulator' doesn't explicitly install the 'package.xml' file (colcon-ros currently does it implicitly but that fallback will be removed in the future)
[0.553s] INFO:colcon.colcon_core.task.python.build:Building Python package in '/home/jg/ros_rlr/src/pt_accumulator'
[0.553s] INFO:colcon.colcon_core.shell:Skip shell extension 'powershell' for command environment: Not usable outside of PowerShell
[0.553s] DEBUG:colcon.colcon_core.shell:Skip shell extension 'dsv' for command environment
[0.562s] DEBUG:colcon.colcon_core.event_handler.log_command:Invoked command in '/home/jg/ros_rlr/build/sllidar_ros2' returned '0': CMAKE_PREFIX_PATH=${CMAKE_PREFIX_PATH}:/home/jg/ros_rlr/install/cube_localizer:/opt/ros/humble /usr/bin/cmake --build /home/jg/ros_rlr/build/sllidar_ros2 -- -j8 -l8
[0.565s] DEBUG:colcon.colcon_core.event_handler.log_command:Invoking command in '/home/jg/ros_rlr/build/rplidar_ros': CMAKE_PREFIX_PATH=${CMAKE_PREFIX_PATH}:/home/jg/ros_rlr/install/cube_localizer:/opt/ros/humble /usr/bin/cmake --build /home/jg/ros_rlr/build/rplidar_ros -- -j8 -l8
[0.616s] DEBUG:colcon.colcon_core.event_handler.log_command:Invoking command in '/home/jg/ros_rlr/build/sllidar_ros2': CMAKE_PREFIX_PATH=${CMAKE_PREFIX_PATH}:/home/jg/ros_rlr/install/cube_localizer:/opt/ros/humble /usr/bin/cmake --install /home/jg/ros_rlr/build/sllidar_ros2
[0.628s] Level 1:colcon.colcon_core.environment:create_environment_scripts_only(sllidar_ros2)
[0.634s] DEBUG:colcon.colcon_core.event_handler.log_command:Invoked command in '/home/jg/ros_rlr/build/sllidar_ros2' returned '0': CMAKE_PREFIX_PATH=${CMAKE_PREFIX_PATH}:/home/jg/ros_rlr/install/cube_localizer:/opt/ros/humble /usr/bin/cmake --install /home/jg/ros_rlr/build/sllidar_ros2
[0.635s] Level 1:colcon.colcon_core.environment:checking '/home/jg/ros_rlr/install/sllidar_ros2' for CMake module files
[0.635s] Level 1:colcon.colcon_core.environment:checking '/home/jg/ros_rlr/install/sllidar_ros2' for CMake config files
[0.635s] Level 1:colcon.colcon_core.shell:create_environment_hook('sllidar_ros2', 'cmake_prefix_path')
[0.636s] INFO:colcon.colcon_core.shell:Creating environment hook '/home/jg/ros_rlr/install/sllidar_ros2/share/sllidar_ros2/hook/cmake_prefix_path.ps1'
[0.636s] INFO:colcon.colcon_core.shell:Creating environment descriptor '/home/jg/ros_rlr/install/sllidar_ros2/share/sllidar_ros2/hook/cmake_prefix_path.dsv'
[0.637s] INFO:colcon.colcon_core.shell:Creating environment hook '/home/jg/ros_rlr/install/sllidar_ros2/share/sllidar_ros2/hook/cmake_prefix_path.sh'
[0.637s] Level 1:colcon.colcon_core.environment:checking '/home/jg/ros_rlr/install/sllidar_ros2/lib'
[0.638s] Level 1:colcon.colcon_core.environment:checking '/home/jg/ros_rlr/install/sllidar_ros2/bin'
[0.638s] Level 1:colcon.colcon_core.environment:checking '/home/jg/ros_rlr/install/sllidar_ros2/lib/pkgconfig/sllidar_ros2.pc'
[0.638s] Level 1:colcon.colcon_core.environment:checking '/home/jg/ros_rlr/install/sllidar_ros2/lib/python3.10/site-packages'
[0.638s] Level 1:colcon.colcon_core.environment:checking '/home/jg/ros_rlr/install/sllidar_ros2/bin'
[0.638s] INFO:colcon.colcon_core.shell:Creating package script '/home/jg/ros_rlr/install/sllidar_ros2/share/sllidar_ros2/package.ps1'
[0.639s] INFO:colcon.colcon_core.shell:Creating package descriptor '/home/jg/ros_rlr/install/sllidar_ros2/share/sllidar_ros2/package.dsv'
[0.640s] INFO:colcon.colcon_core.shell:Creating package script '/home/jg/ros_rlr/install/sllidar_ros2/share/sllidar_ros2/package.sh'
[0.641s] INFO:colcon.colcon_core.shell:Creating package script '/home/jg/ros_rlr/install/sllidar_ros2/share/sllidar_ros2/package.bash'
[0.642s] INFO:colcon.colcon_core.shell:Creating package script '/home/jg/ros_rlr/install/sllidar_ros2/share/sllidar_ros2/package.zsh'
[0.642s] Level 1:colcon.colcon_core.environment:create_file_with_runtime_dependencies(/home/jg/ros_rlr/install/sllidar_ros2/share/colcon-core/packages/sllidar_ros2)
[0.652s] DEBUG:colcon.colcon_core.event_handler.log_command:Invoked command in '/home/jg/ros_rlr/build/rplidar_ros' returned '0': CMAKE_PREFIX_PATH=${CMAKE_PREFIX_PATH}:/home/jg/ros_rlr/install/cube_localizer:/opt/ros/humble /usr/bin/cmake --build /home/jg/ros_rlr/build/rplidar_ros -- -j8 -l8
[0.683s] DEBUG:colcon.colcon_core.event_handler.log_command:Invoking command in '/home/jg/ros_rlr/build/rplidar_ros': CMAKE_PREFIX_PATH=${CMAKE_PREFIX_PATH}:/home/jg/ros_rlr/install/cube_localizer:/opt/ros/humble /usr/bin/cmake --install /home/jg/ros_rlr/build/rplidar_ros
[0.695s] Level 1:colcon.colcon_core.environment:create_environment_scripts_only(rplidar_ros)
[0.695s] Level 1:colcon.colcon_core.environment:checking '/home/jg/ros_rlr/install/rplidar_ros' for CMake module files
[0.696s] DEBUG:colcon.colcon_core.event_handler.log_command:Invoked command in '/home/jg/ros_rlr/build/rplidar_ros' returned '0': CMAKE_PREFIX_PATH=${CMAKE_PREFIX_PATH}:/home/jg/ros_rlr/install/cube_localizer:/opt/ros/humble /usr/bin/cmake --install /home/jg/ros_rlr/build/rplidar_ros
[0.696s] Level 1:colcon.colcon_core.environment:checking '/home/jg/ros_rlr/install/rplidar_ros' for CMake config files
[0.696s] Level 1:colcon.colcon_core.shell:create_environment_hook('rplidar_ros', 'cmake_prefix_path')
[0.696s] INFO:colcon.colcon_core.shell:Creating environment hook '/home/jg/ros_rlr/install/rplidar_ros/share/rplidar_ros/hook/cmake_prefix_path.ps1'
[0.697s] INFO:colcon.colcon_core.shell:Creating environment descriptor '/home/jg/ros_rlr/install/rplidar_ros/share/rplidar_ros/hook/cmake_prefix_path.dsv'
[0.697s] INFO:colcon.colcon_core.shell:Creating environment hook '/home/jg/ros_rlr/install/rplidar_ros/share/rplidar_ros/hook/cmake_prefix_path.sh'
[0.697s] Level 1:colcon.colcon_core.environment:checking '/home/jg/ros_rlr/install/rplidar_ros/lib'
[0.697s] Level 1:colcon.colcon_core.shell:create_environment_hook('rplidar_ros', 'ld_library_path_lib')
[0.697s] INFO:colcon.colcon_core.shell:Creating environment hook '/home/jg/ros_rlr/install/rplidar_ros/share/rplidar_ros/hook/ld_library_path_lib.ps1'
[0.698s] INFO:colcon.colcon_core.shell:Creating environment descriptor '/home/jg/ros_rlr/install/rplidar_ros/share/rplidar_ros/hook/ld_library_path_lib.dsv'
[0.698s] INFO:colcon.colcon_core.shell:Creating environment hook '/home/jg/ros_rlr/install/rplidar_ros/share/rplidar_ros/hook/ld_library_path_lib.sh'
[0.698s] Level 1:colcon.colcon_core.environment:checking '/home/jg/ros_rlr/install/rplidar_ros/bin'
[0.698s] Level 1:colcon.colcon_core.environment:checking '/home/jg/ros_rlr/install/rplidar_ros/lib/pkgconfig/rplidar_ros.pc'
[0.698s] Level 1:colcon.colcon_core.environment:checking '/home/jg/ros_rlr/install/rplidar_ros/lib/python3.10/site-packages'
[0.698s] Level 1:colcon.colcon_core.environment:checking '/home/jg/ros_rlr/install/rplidar_ros/bin'
[0.699s] INFO:colcon.colcon_core.shell:Creating package script '/home/jg/ros_rlr/install/rplidar_ros/share/rplidar_ros/package.ps1'
[0.699s] INFO:colcon.colcon_core.shell:Creating package descriptor '/home/jg/ros_rlr/install/rplidar_ros/share/rplidar_ros/package.dsv'
[0.699s] INFO:colcon.colcon_core.shell:Creating package script '/home/jg/ros_rlr/install/rplidar_ros/share/rplidar_ros/package.sh'
[0.699s] INFO:colcon.colcon_core.shell:Creating package script '/home/jg/ros_rlr/install/rplidar_ros/share/rplidar_ros/package.bash'
[0.700s] INFO:colcon.colcon_core.shell:Creating package script '/home/jg/ros_rlr/install/rplidar_ros/share/rplidar_ros/package.zsh'
[0.700s] Level 1:colcon.colcon_core.environment:create_file_with_runtime_dependencies(/home/jg/ros_rlr/install/rplidar_ros/share/colcon-core/packages/rplidar_ros)
[0.701s] Level 1:colcon.colcon_core.environment:create_environment_scripts_only(sllidar_ros2)
[0.701s] Level 1:colcon.colcon_core.environment:checking '/home/jg/ros_rlr/install/sllidar_ros2' for CMake module files
[0.701s] Level 1:colcon.colcon_core.environment:checking '/home/jg/ros_rlr/install/sllidar_ros2' for CMake config files
[0.701s] Level 1:colcon.colcon_core.shell:create_environment_hook('sllidar_ros2', 'cmake_prefix_path')
[0.702s] INFO:colcon.colcon_core.shell:Creating environment hook '/home/jg/ros_rlr/install/sllidar_ros2/share/sllidar_ros2/hook/cmake_prefix_path.ps1'
[0.702s] INFO:colcon.colcon_core.shell:Creating environment descriptor '/home/jg/ros_rlr/install/sllidar_ros2/share/sllidar_ros2/hook/cmake_prefix_path.dsv'
[0.702s] INFO:colcon.colcon_core.shell:Creating environment hook '/home/jg/ros_rlr/install/sllidar_ros2/share/sllidar_ros2/hook/cmake_prefix_path.sh'
[0.702s] Level 1:colcon.colcon_core.environment:checking '/home/jg/ros_rlr/install/sllidar_ros2/lib'
[0.702s] Level 1:colcon.colcon_core.environment:checking '/home/jg/ros_rlr/install/sllidar_ros2/bin'
[0.702s] Level 1:colcon.colcon_core.environment:checking '/home/jg/ros_rlr/install/sllidar_ros2/lib/pkgconfig/sllidar_ros2.pc'
[0.703s] Level 1:colcon.colcon_core.environment:checking '/home/jg/ros_rlr/install/sllidar_ros2/lib/python3.10/site-packages'
[0.703s] Level 1:colcon.colcon_core.environment:checking '/home/jg/ros_rlr/install/sllidar_ros2/bin'
[0.703s] INFO:colcon.colcon_core.shell:Creating package script '/home/jg/ros_rlr/install/sllidar_ros2/share/sllidar_ros2/package.ps1'
[0.703s] INFO:colcon.colcon_core.shell:Creating package descriptor '/home/jg/ros_rlr/install/sllidar_ros2/share/sllidar_ros2/package.dsv'
[0.704s] INFO:colcon.colcon_core.shell:Creating package script '/home/jg/ros_rlr/install/sllidar_ros2/share/sllidar_ros2/package.sh'
[0.704s] INFO:colcon.colcon_core.shell:Creating package script '/home/jg/ros_rlr/install/sllidar_ros2/share/sllidar_ros2/package.bash'
[0.704s] INFO:colcon.colcon_core.shell:Creating package script '/home/jg/ros_rlr/install/sllidar_ros2/share/sllidar_ros2/package.zsh'
[0.704s] Level 1:colcon.colcon_core.environment:create_file_with_runtime_dependencies(/home/jg/ros_rlr/install/sllidar_ros2/share/colcon-core/packages/sllidar_ros2)
[0.705s] INFO:colcon.colcon_ros.task.ament_python.build:Building ROS package in '/home/jg/ros_rlr/src/cube_localizer' with build type 'ament_python'
[0.705s] Level 1:colcon.colcon_core.shell:create_environment_hook('cube_localizer', 'ament_prefix_path')
[0.705s] INFO:colcon.colcon_core.shell:Creating environment hook '/home/jg/ros_rlr/install/cube_localizer/share/cube_localizer/hook/ament_prefix_path.ps1'
[0.706s] INFO:colcon.colcon_core.shell:Creating environment descriptor '/home/jg/ros_rlr/install/cube_localizer/share/cube_localizer/hook/ament_prefix_path.dsv'
[0.706s] INFO:colcon.colcon_core.shell:Creating environment hook '/home/jg/ros_rlr/install/cube_localizer/share/cube_localizer/hook/ament_prefix_path.sh'
[0.706s] INFO:colcon.colcon_core.shell:Skip shell extension 'powershell' for command environment: Not usable outside of PowerShell
[0.706s] DEBUG:colcon.colcon_core.shell:Skip shell extension 'dsv' for command environment
[0.955s] INFO:colcon.colcon_core.task.python.build:Building Python package in '/home/jg/ros_rlr/src/cube_localizer'
[0.956s] INFO:colcon.colcon_core.shell:Skip shell extension 'powershell' for command environment: Not usable outside of PowerShell
[0.956s] DEBUG:colcon.colcon_core.shell:Skip shell extension 'dsv' for command environment
[0.961s] Level 1:colcon.colcon_core.environment:create_environment_scripts_only(rplidar_ros)
[0.961s] Level 1:colcon.colcon_core.environment:checking '/home/jg/ros_rlr/install/rplidar_ros' for CMake module files
[0.962s] Level 1:colcon.colcon_core.environment:checking '/home/jg/ros_rlr/install/rplidar_ros' for CMake config files
[0.962s] Level 1:colcon.colcon_core.shell:create_environment_hook('rplidar_ros', 'cmake_prefix_path')
[0.962s] INFO:colcon.colcon_core.shell:Creating environment hook '/home/jg/ros_rlr/install/rplidar_ros/share/rplidar_ros/hook/cmake_prefix_path.ps1'
[0.962s] INFO:colcon.colcon_core.shell:Creating environment descriptor '/home/jg/ros_rlr/install/rplidar_ros/share/rplidar_ros/hook/cmake_prefix_path.dsv'
[0.963s] INFO:colcon.colcon_core.shell:Creating environment hook '/home/jg/ros_rlr/install/rplidar_ros/share/rplidar_ros/hook/cmake_prefix_path.sh'
[0.963s] Level 1:colcon.colcon_core.environment:checking '/home/jg/ros_rlr/install/rplidar_ros/lib'
[0.963s] Level 1:colcon.colcon_core.shell:create_environment_hook('rplidar_ros', 'ld_library_path_lib')
[0.963s] INFO:colcon.colcon_core.shell:Creating environment hook '/home/jg/ros_rlr/install/rplidar_ros/share/rplidar_ros/hook/ld_library_path_lib.ps1'
[0.963s] INFO:colcon.colcon_core.shell:Creating environment descriptor '/home/jg/ros_rlr/install/rplidar_ros/share/rplidar_ros/hook/ld_library_path_lib.dsv'
[0.964s] INFO:colcon.colcon_core.shell:Creating environment hook '/home/jg/ros_rlr/install/rplidar_ros/share/rplidar_ros/hook/ld_library_path_lib.sh'
[0.964s] Level 1:colcon.colcon_core.environment:checking '/home/jg/ros_rlr/install/rplidar_ros/bin'
[0.964s] Level 1:colcon.colcon_core.environment:checking '/home/jg/ros_rlr/install/rplidar_ros/lib/pkgconfig/rplidar_ros.pc'
[0.964s] Level 1:colcon.colcon_core.environment:checking '/home/jg/ros_rlr/install/rplidar_ros/lib/python3.10/site-packages'
[0.964s] Level 1:colcon.colcon_core.environment:checking '/home/jg/ros_rlr/install/rplidar_ros/bin'
[0.964s] INFO:colcon.colcon_core.shell:Creating package script '/home/jg/ros_rlr/install/rplidar_ros/share/rplidar_ros/package.ps1'
[0.965s] INFO:colcon.colcon_core.shell:Creating package descriptor '/home/jg/ros_rlr/install/rplidar_ros/share/rplidar_ros/package.dsv'
[0.965s] INFO:colcon.colcon_core.shell:Creating package script '/home/jg/ros_rlr/install/rplidar_ros/share/rplidar_ros/package.sh'
[0.965s] INFO:colcon.colcon_core.shell:Creating package script '/home/jg/ros_rlr/install/rplidar_ros/share/rplidar_ros/package.bash'
[0.965s] INFO:colcon.colcon_core.shell:Creating package script '/home/jg/ros_rlr/install/rplidar_ros/share/rplidar_ros/package.zsh'
[0.966s] Level 1:colcon.colcon_core.environment:create_file_with_runtime_dependencies(/home/jg/ros_rlr/install/rplidar_ros/share/colcon-core/packages/rplidar_ros)
[0.970s] DEBUG:colcon.colcon_core.event_handler.log_command:Invoking command in '/home/jg/ros_rlr/src/pt_accumulator': PYTHONPATH=/home/jg/ros_rlr/build/pointcloud_accumulator/prefix_override:/home/jg/ros_rlr/install/pointcloud_accumulator/lib/python3.10/site-packages:${PYTHONPATH} /usr/bin/python3 -W ignore:setup.py install is deprecated setup.py egg_info --egg-base ../../build/pointcloud_accumulator build --build-base /home/jg/ros_rlr/build/pointcloud_accumulator/build install --record /home/jg/ros_rlr/build/pointcloud_accumulator/install.log --single-version-externally-managed install_data
[1.248s] Level 1:colcon.colcon_core.environment:checking '/home/jg/ros_rlr/install/pointcloud_accumulator' for CMake module files
[1.248s] DEBUG:colcon.colcon_core.event_handler.log_command:Invoked command in '/home/jg/ros_rlr/src/pt_accumulator' returned '0': PYTHONPATH=/home/jg/ros_rlr/build/pointcloud_accumulator/prefix_override:/home/jg/ros_rlr/install/pointcloud_accumulator/lib/python3.10/site-packages:${PYTHONPATH} /usr/bin/python3 -W ignore:setup.py install is deprecated setup.py egg_info --egg-base ../../build/pointcloud_accumulator build --build-base /home/jg/ros_rlr/build/pointcloud_accumulator/build install --record /home/jg/ros_rlr/build/pointcloud_accumulator/install.log --single-version-externally-managed install_data
[1.249s] Level 1:colcon.colcon_core.environment:checking '/home/jg/ros_rlr/install/pointcloud_accumulator' for CMake config files
[1.249s] Level 1:colcon.colcon_core.environment:checking '/home/jg/ros_rlr/install/pointcloud_accumulator/lib'
[1.249s] Level 1:colcon.colcon_core.environment:checking '/home/jg/ros_rlr/install/pointcloud_accumulator/bin'
[1.249s] Level 1:colcon.colcon_core.environment:checking '/home/jg/ros_rlr/install/pointcloud_accumulator/lib/pkgconfig/pointcloud_accumulator.pc'
[1.249s] Level 1:colcon.colcon_core.environment:checking '/home/jg/ros_rlr/install/pointcloud_accumulator/lib/python3.10/site-packages'
[1.249s] Level 1:colcon.colcon_core.shell:create_environment_hook('pointcloud_accumulator', 'pythonpath')
[1.250s] INFO:colcon.colcon_core.shell:Creating environment hook '/home/jg/ros_rlr/install/pointcloud_accumulator/share/pointcloud_accumulator/hook/pythonpath.ps1'
[1.250s] INFO:colcon.colcon_core.shell:Creating environment descriptor '/home/jg/ros_rlr/install/pointcloud_accumulator/share/pointcloud_accumulator/hook/pythonpath.dsv'
[1.250s] INFO:colcon.colcon_core.shell:Creating environment hook '/home/jg/ros_rlr/install/pointcloud_accumulator/share/pointcloud_accumulator/hook/pythonpath.sh'
[1.250s] Level 1:colcon.colcon_core.environment:checking '/home/jg/ros_rlr/install/pointcloud_accumulator/bin'
[1.251s] Level 1:colcon.colcon_core.environment:create_environment_scripts_only(pointcloud_accumulator)
[1.251s] INFO:colcon.colcon_core.shell:Creating package script '/home/jg/ros_rlr/install/pointcloud_accumulator/share/pointcloud_accumulator/package.ps1'
[1.251s] INFO:colcon.colcon_core.shell:Creating package descriptor '/home/jg/ros_rlr/install/pointcloud_accumulator/share/pointcloud_accumulator/package.dsv'
[1.251s] INFO:colcon.colcon_core.shell:Creating package script '/home/jg/ros_rlr/install/pointcloud_accumulator/share/pointcloud_accumulator/package.sh'
[1.252s] INFO:colcon.colcon_core.shell:Creating package script '/home/jg/ros_rlr/install/pointcloud_accumulator/share/pointcloud_accumulator/package.bash'
[1.252s] INFO:colcon.colcon_core.shell:Creating package script '/home/jg/ros_rlr/install/pointcloud_accumulator/share/pointcloud_accumulator/package.zsh'
[1.252s] Level 1:colcon.colcon_core.environment:create_file_with_runtime_dependencies(/home/jg/ros_rlr/install/pointcloud_accumulator/share/colcon-core/packages/pointcloud_accumulator)
[1.308s] DEBUG:colcon.colcon_core.event_handler.log_command:Invoking command in '/home/jg/ros_rlr/src/cube_localizer': PYTHONPATH=/home/jg/ros_rlr/build/cube_localizer/prefix_override:/home/jg/ros_rlr/install/cube_localizer/lib/python3.10/site-packages:${PYTHONPATH} /usr/bin/python3 -W ignore:setup.py install is deprecated setup.py egg_info --egg-base ../../build/cube_localizer build --build-base /home/jg/ros_rlr/build/cube_localizer/build install --record /home/jg/ros_rlr/build/cube_localizer/install.log --single-version-externally-managed install_data
[1.556s] Level 1:colcon.colcon_core.environment:checking '/home/jg/ros_rlr/install/cube_localizer' for CMake module files
[1.557s] DEBUG:colcon.colcon_core.event_handler.log_command:Invoked command in '/home/jg/ros_rlr/src/cube_localizer' returned '0': PYTHONPATH=/home/jg/ros_rlr/build/cube_localizer/prefix_override:/home/jg/ros_rlr/install/cube_localizer/lib/python3.10/site-packages:${PYTHONPATH} /usr/bin/python3 -W ignore:setup.py install is deprecated setup.py egg_info --egg-base ../../build/cube_localizer build --build-base /home/jg/ros_rlr/build/cube_localizer/build install --record /home/jg/ros_rlr/build/cube_localizer/install.log --single-version-externally-managed install_data
[1.557s] Level 1:colcon.colcon_core.environment:checking '/home/jg/ros_rlr/install/cube_localizer' for CMake config files
[1.558s] Level 1:colcon.colcon_core.environment:checking '/home/jg/ros_rlr/install/cube_localizer/lib'
[1.558s] Level 1:colcon.colcon_core.environment:checking '/home/jg/ros_rlr/install/cube_localizer/bin'
[1.558s] Level 1:colcon.colcon_core.environment:checking '/home/jg/ros_rlr/install/cube_localizer/lib/pkgconfig/cube_localizer.pc'
[1.558s] Level 1:colcon.colcon_core.environment:checking '/home/jg/ros_rlr/install/cube_localizer/lib/python3.10/site-packages'
[1.558s] Level 1:colcon.colcon_core.shell:create_environment_hook('cube_localizer', 'pythonpath')
[1.558s] INFO:colcon.colcon_core.shell:Creating environment hook '/home/jg/ros_rlr/install/cube_localizer/share/cube_localizer/hook/pythonpath.ps1'
[1.559s] INFO:colcon.colcon_core.shell:Creating environment descriptor '/home/jg/ros_rlr/install/cube_localizer/share/cube_localizer/hook/pythonpath.dsv'
[1.559s] INFO:colcon.colcon_core.shell:Creating environment hook '/home/jg/ros_rlr/install/cube_localizer/share/cube_localizer/hook/pythonpath.sh'
[1.560s] Level 1:colcon.colcon_core.environment:checking '/home/jg/ros_rlr/install/cube_localizer/bin'
[1.560s] Level 1:colcon.colcon_core.environment:create_environment_scripts_only(cube_localizer)
[1.560s] INFO:colcon.colcon_core.shell:Creating package script '/home/jg/ros_rlr/install/cube_localizer/share/cube_localizer/package.ps1'
[1.561s] INFO:colcon.colcon_core.shell:Creating package descriptor '/home/jg/ros_rlr/install/cube_localizer/share/cube_localizer/package.dsv'
[1.561s] INFO:colcon.colcon_core.shell:Creating package script '/home/jg/ros_rlr/install/cube_localizer/share/cube_localizer/package.sh'
[1.561s] INFO:colcon.colcon_core.shell:Creating package script '/home/jg/ros_rlr/install/cube_localizer/share/cube_localizer/package.bash'
[1.562s] INFO:colcon.colcon_core.shell:Creating package script '/home/jg/ros_rlr/install/cube_localizer/share/cube_localizer/package.zsh'
[1.562s] Level 1:colcon.colcon_core.environment:create_file_with_runtime_dependencies(/home/jg/ros_rlr/install/cube_localizer/share/colcon-core/packages/cube_localizer)
[1.562s] DEBUG:colcon.colcon_parallel_executor.executor.parallel:closing loop
[1.562s] DEBUG:colcon.colcon_parallel_executor.executor.parallel:loop closed
[1.562s] DEBUG:colcon.colcon_parallel_executor.executor.parallel:run_until_complete finished with '0'
[1.562s] DEBUG:colcon.colcon_core.event_reactor:joining thread
[1.567s] INFO:colcon.colcon_core.plugin_system:Skipping extension 'colcon_notification.desktop_notification.terminal_notifier': Not used on non-Darwin systems
[1.567s] INFO:colcon.colcon_core.plugin_system:Skipping extension 'colcon_notification.desktop_notification.win32': Not used on non-Windows systems
[1.567s] INFO:colcon.colcon_notification.desktop_notification:Sending desktop notification using 'notify2'
[1.573s] DEBUG:colcon.colcon_core.event_reactor:joined thread
[1.573s] INFO:colcon.colcon_core.shell:Creating prefix script '/home/jg/ros_rlr/install/local_setup.ps1'
[1.574s] INFO:colcon.colcon_core.shell:Creating prefix util module '/home/jg/ros_rlr/install/_local_setup_util_ps1.py'
[1.576s] INFO:colcon.colcon_core.shell:Creating prefix chain script '/home/jg/ros_rlr/install/setup.ps1'
[1.578s] INFO:colcon.colcon_core.shell:Creating prefix script '/home/jg/ros_rlr/install/local_setup.sh'
[1.578s] INFO:colcon.colcon_core.shell:Creating prefix util module '/home/jg/ros_rlr/install/_local_setup_util_sh.py'
[1.578s] INFO:colcon.colcon_core.shell:Creating prefix chain script '/home/jg/ros_rlr/install/setup.sh'
[1.580s] INFO:colcon.colcon_core.shell:Creating prefix script '/home/jg/ros_rlr/install/local_setup.bash'
[1.580s] INFO:colcon.colcon_core.shell:Creating prefix chain script '/home/jg/ros_rlr/install/setup.bash'
[1.582s] INFO:colcon.colcon_core.shell:Creating prefix script '/home/jg/ros_rlr/install/local_setup.zsh'
[1.582s] INFO:colcon.colcon_core.shell:Creating prefix chain script '/home/jg/ros_rlr/install/setup.zsh'
