[0.577s] Invoking command in '/home/jg/ros_rlr/src/pt_accumulator': PYTHONPATH=/home/jg/ros_rlr/build/pt_accumulator/prefix_override:/home/jg/ros_rlr/install/pt_accumulator/lib/python3.10/site-packages:${PYTHONPATH} /usr/bin/python3 -W ignore:setup.py install is deprecated setup.py egg_info --egg-base ../../build/pt_accumulator build --build-base /home/jg/ros_rlr/build/pt_accumulator/build install --record /home/jg/ros_rlr/build/pt_accumulator/install.log --single-version-externally-managed install_data
[0.776s] running egg_info
[0.779s] creating ../../build/pt_accumulator/pt_accumulator.egg-info
[0.780s] writing ../../build/pt_accumulator/pt_accumulator.egg-info/PKG-INFO
[0.780s] writing dependency_links to ../../build/pt_accumulator/pt_accumulator.egg-info/dependency_links.txt
[0.780s] writing entry points to ../../build/pt_accumulator/pt_accumulator.egg-info/entry_points.txt
[0.780s] writing requirements to ../../build/pt_accumulator/pt_accumulator.egg-info/requires.txt
[0.780s] writing top-level names to ../../build/pt_accumulator/pt_accumulator.egg-info/top_level.txt
[0.780s] writing manifest file '../../build/pt_accumulator/pt_accumulator.egg-info/SOURCES.txt'
[0.782s] reading manifest file '../../build/pt_accumulator/pt_accumulator.egg-info/SOURCES.txt'
[0.782s] writing manifest file '../../build/pt_accumulator/pt_accumulator.egg-info/SOURCES.txt'
[0.782s] running build
[0.782s] running build_py
[0.782s] creating /home/jg/ros_rlr/build/pt_accumulator/build
[0.783s] creating /home/jg/ros_rlr/build/pt_accumulator/build/lib
[0.783s] creating /home/jg/ros_rlr/build/pt_accumulator/build/lib/pt_accumulator
[0.783s] copying pt_accumulator/pt_accumulator.py -> /home/jg/ros_rlr/build/pt_accumulator/build/lib/pt_accumulator
[0.783s] copying pt_accumulator/__init__.py -> /home/jg/ros_rlr/build/pt_accumulator/build/lib/pt_accumulator
[0.783s] running install
[0.783s] running install_lib
[0.784s] creating /home/jg/ros_rlr/install/pt_accumulator/lib/python3.10/site-packages/pt_accumulator
[0.784s] copying /home/jg/ros_rlr/build/pt_accumulator/build/lib/pt_accumulator/pt_accumulator.py -> /home/jg/ros_rlr/install/pt_accumulator/lib/python3.10/site-packages/pt_accumulator
[0.784s] copying /home/jg/ros_rlr/build/pt_accumulator/build/lib/pt_accumulator/__init__.py -> /home/jg/ros_rlr/install/pt_accumulator/lib/python3.10/site-packages/pt_accumulator
[0.784s] byte-compiling /home/jg/ros_rlr/install/pt_accumulator/lib/python3.10/site-packages/pt_accumulator/pt_accumulator.py to pt_accumulator.cpython-310.pyc
[0.785s] byte-compiling /home/jg/ros_rlr/install/pt_accumulator/lib/python3.10/site-packages/pt_accumulator/__init__.py to __init__.cpython-310.pyc
[0.785s] running install_data
[0.785s] creating /home/jg/ros_rlr/install/pt_accumulator/share/ament_index
[0.785s] creating /home/jg/ros_rlr/install/pt_accumulator/share/ament_index/resource_index
[0.785s] creating /home/jg/ros_rlr/install/pt_accumulator/share/ament_index/resource_index/packages
[0.785s] copying resource/pt_accumulator -> /home/jg/ros_rlr/install/pt_accumulator/share/ament_index/resource_index/packages
[0.785s] copying package.xml -> /home/jg/ros_rlr/install/pt_accumulator/share/pt_accumulator
[0.785s] creating /home/jg/ros_rlr/install/pt_accumulator/share/pt_accumulator/launch
[0.785s] copying launch/pt_accumulator_launch.py -> /home/jg/ros_rlr/install/pt_accumulator/share/pt_accumulator/launch
[0.785s] running install_egg_info
[0.786s] Copying ../../build/pt_accumulator/pt_accumulator.egg-info to /home/jg/ros_rlr/install/pt_accumulator/lib/python3.10/site-packages/pt_accumulator-0.0.1-py3.10.egg-info
[0.787s] running install_scripts
[0.804s] Installing pt_accumulator script to /home/jg/ros_rlr/install/pt_accumulator/lib/pt_accumulator
[0.804s] writing list of installed files to '/home/jg/ros_rlr/build/pt_accumulator/install.log'
[0.829s] Invoked command in '/home/jg/ros_rlr/src/pt_accumulator' returned '0': PYTHONPATH=/home/jg/ros_rlr/build/pt_accumulator/prefix_override:/home/jg/ros_rlr/install/pt_accumulator/lib/python3.10/site-packages:${PYTHONPATH} /usr/bin/python3 -W ignore:setup.py install is deprecated setup.py egg_info --egg-base ../../build/pt_accumulator build --build-base /home/jg/ros_rlr/build/pt_accumulator/build install --record /home/jg/ros_rlr/build/pt_accumulator/install.log --single-version-externally-managed install_data
